{"D:\\4th Year\\Testing\\SerbisYouProvider\\GlobalStyles.js": {"path":"D:\\4th Year\\Testing\\SerbisYouProvider\\GlobalStyles.js","statementMap":{"0":{"start":{"line":2,"column":26},"end":{"line":30,"column":1}},"1":{"start":{"line":32,"column":24},"end":{"line":51,"column":1}},"2":{"start":{"line":53,"column":21},"end":{"line":128,"column":1}},"3":{"start":{"line":130,"column":23},"end":{"line":160,"column":1}},"4":{"start":{"line":162,"column":22},"end":{"line":182,"column":1}}},"fnMap":{},"branchMap":{},"s":{"0":35,"1":35,"2":35,"3":35,"4":35},"f":{},"b":{},"_coverageSchema":"1a1c01bbd47fc00a2c39e90264f33305004495a9","hash":"af36d5d4fb20a32e0802bdc6833e7c4975c60572"}
,"D:\\4th Year\\Testing\\SerbisYouProvider\\animations\\toggleAnimation.js": {"path":"D:\\4th Year\\Testing\\SerbisYouProvider\\animations\\toggleAnimation.js","statementMap":{"0":{"start":{"line":3,"column":31},"end":{"line":15,"column":1}}},"fnMap":{},"branchMap":{},"s":{"0":4},"f":{},"b":{},"_coverageSchema":"1a1c01bbd47fc00a2c39e90264f33305004495a9","hash":"51e2fb095b8d97ca612e196d6891f9b03f8416d8"}
,"D:\\4th Year\\Testing\\SerbisYouProvider\\assets\\-icon-eye-empty.png": {"path":"D:\\4th Year\\Testing\\SerbisYouProvider\\assets\\-icon-eye-empty.png","statementMap":{"0":{"start":{"line":1,"column":0},"end":{"line":1,"column":19}}},"fnMap":{},"branchMap":{},"s":{"0":2},"f":{},"b":{},"_coverageSchema":"1a1c01bbd47fc00a2c39e90264f33305004495a9","hash":"7062ae6b52079f6e5be32ae837231899dc06b753"}
,"D:\\4th Year\\Testing\\SerbisYouProvider\\assets\\-left-icon.png": {"path":"D:\\4th Year\\Testing\\SerbisYouProvider\\assets\\-left-icon.png","statementMap":{"0":{"start":{"line":1,"column":0},"end":{"line":1,"column":19}}},"fnMap":{},"branchMap":{},"s":{"0":1},"f":{},"b":{},"_coverageSchema":"1a1c01bbd47fc00a2c39e90264f33305004495a9","hash":"7a6a37fc9651f1cd7110689e944c340e1d62955e"}
,"D:\\4th Year\\Testing\\SerbisYouProvider\\assets\\-left-icon1.png": {"path":"D:\\4th Year\\Testing\\SerbisYouProvider\\assets\\-left-icon1.png","statementMap":{"0":{"start":{"line":1,"column":0},"end":{"line":1,"column":19}}},"fnMap":{},"branchMap":{},"s":{"0":1},"f":{},"b":{},"_coverageSchema":"1a1c01bbd47fc00a2c39e90264f33305004495a9","hash":"23c8a5a2a5b450ee5a7e0b630b403558607defd2"}
,"D:\\4th Year\\Testing\\SerbisYouProvider\\assets\\-left-icon2.png": {"path":"D:\\4th Year\\Testing\\SerbisYouProvider\\assets\\-left-icon2.png","statementMap":{"0":{"start":{"line":1,"column":0},"end":{"line":1,"column":19}}},"fnMap":{},"branchMap":{},"s":{"0":1},"f":{},"b":{},"_coverageSchema":"1a1c01bbd47fc00a2c39e90264f33305004495a9","hash":"4f86eb574307c61b207a78135b00009ed9e41e55"}
,"D:\\4th Year\\Testing\\SerbisYouProvider\\assets\\-left-icon3.png": {"path":"D:\\4th Year\\Testing\\SerbisYouProvider\\assets\\-left-icon3.png","statementMap":{"0":{"start":{"line":1,"column":0},"end":{"line":1,"column":19}}},"fnMap":{},"branchMap":{},"s":{"0":1},"f":{},"b":{},"_coverageSchema":"1a1c01bbd47fc00a2c39e90264f33305004495a9","hash":"51babde4337cd37026c747078562d581b3e02d6d"}
,"D:\\4th Year\\Testing\\SerbisYouProvider\\assets\\arrow-right.png": {"path":"D:\\4th Year\\Testing\\SerbisYouProvider\\assets\\arrow-right.png","statementMap":{"0":{"start":{"line":1,"column":0},"end":{"line":1,"column":19}}},"fnMap":{},"branchMap":{},"s":{"0":1},"f":{},"b":{},"_coverageSchema":"1a1c01bbd47fc00a2c39e90264f33305004495a9","hash":"eee93a5c51067d919869976f6ce53868f4a8328d"}
,"D:\\4th Year\\Testing\\SerbisYouProvider\\assets\\chat-notifications-icon.png": {"path":"D:\\4th Year\\Testing\\SerbisYouProvider\\assets\\chat-notifications-icon.png","statementMap":{"0":{"start":{"line":1,"column":0},"end":{"line":1,"column":19}}},"fnMap":{},"branchMap":{},"s":{"0":1},"f":{},"b":{},"_coverageSchema":"1a1c01bbd47fc00a2c39e90264f33305004495a9","hash":"396290155a52ab7c98609988f251a7473b28698f"}
,"D:\\4th Year\\Testing\\SerbisYouProvider\\assets\\clock-1.png": {"path":"D:\\4th Year\\Testing\\SerbisYouProvider\\assets\\clock-1.png","statementMap":{"0":{"start":{"line":1,"column":0},"end":{"line":1,"column":19}}},"fnMap":{},"branchMap":{},"s":{"0":1},"f":{},"b":{},"_coverageSchema":"1a1c01bbd47fc00a2c39e90264f33305004495a9","hash":"8fd26a872632636af9d377f3219ad2e6265ad838"}
,"D:\\4th Year\\Testing\\SerbisYouProvider\\assets\\copy.png": {"path":"D:\\4th Year\\Testing\\SerbisYouProvider\\assets\\copy.png","statementMap":{"0":{"start":{"line":1,"column":0},"end":{"line":1,"column":19}}},"fnMap":{},"branchMap":{},"s":{"0":1},"f":{},"b":{},"_coverageSchema":"1a1c01bbd47fc00a2c39e90264f33305004495a9","hash":"ca1a0f4c002f298d570d651c6e3fffa8bacc5533"}
,"D:\\4th Year\\Testing\\SerbisYouProvider\\assets\\date-range-light1.png": {"path":"D:\\4th Year\\Testing\\SerbisYouProvider\\assets\\date-range-light1.png","statementMap":{"0":{"start":{"line":1,"column":0},"end":{"line":1,"column":19}}},"fnMap":{},"branchMap":{},"s":{"0":1},"f":{},"b":{},"_coverageSchema":"1a1c01bbd47fc00a2c39e90264f33305004495a9","hash":"79c35137580ffaefb57f799ae1c647e3473ce0e4"}
,"D:\\4th Year\\Testing\\SerbisYouProvider\\assets\\dog-setting-1-1.png": {"path":"D:\\4th Year\\Testing\\SerbisYouProvider\\assets\\dog-setting-1-1.png","statementMap":{"0":{"start":{"line":1,"column":0},"end":{"line":1,"column":19}}},"fnMap":{},"branchMap":{},"s":{"0":1},"f":{},"b":{},"_coverageSchema":"1a1c01bbd47fc00a2c39e90264f33305004495a9","hash":"5d17c9434f006d55b2a3882c8e7c91d4002bafb2"}
,"D:\\4th Year\\Testing\\SerbisYouProvider\\assets\\dog-setting-4-1.png": {"path":"D:\\4th Year\\Testing\\SerbisYouProvider\\assets\\dog-setting-4-1.png","statementMap":{"0":{"start":{"line":1,"column":0},"end":{"line":1,"column":19}}},"fnMap":{},"branchMap":{},"s":{"0":1},"f":{},"b":{},"_coverageSchema":"1a1c01bbd47fc00a2c39e90264f33305004495a9","hash":"c066f2a33bb8bd37a02ca7b4a98815ee3314fe71"}
,"D:\\4th Year\\Testing\\SerbisYouProvider\\assets\\dog-setting-5-1.png": {"path":"D:\\4th Year\\Testing\\SerbisYouProvider\\assets\\dog-setting-5-1.png","statementMap":{"0":{"start":{"line":1,"column":0},"end":{"line":1,"column":19}}},"fnMap":{},"branchMap":{},"s":{"0":1},"f":{},"b":{},"_coverageSchema":"1a1c01bbd47fc00a2c39e90264f33305004495a9","hash":"6f66587fe03b60273cbc0299d684b0c9942391ec"}
,"D:\\4th Year\\Testing\\SerbisYouProvider\\assets\\ellipse-138.png": {"path":"D:\\4th Year\\Testing\\SerbisYouProvider\\assets\\ellipse-138.png","statementMap":{"0":{"start":{"line":1,"column":0},"end":{"line":1,"column":19}}},"fnMap":{},"branchMap":{},"s":{"0":3},"f":{},"b":{},"_coverageSchema":"1a1c01bbd47fc00a2c39e90264f33305004495a9","hash":"88a53eba125d3792b80cf99d6112de4000d0dd4b"}
,"D:\\4th Year\\Testing\\SerbisYouProvider\\assets\\ellipse-139.png": {"path":"D:\\4th Year\\Testing\\SerbisYouProvider\\assets\\ellipse-139.png","statementMap":{"0":{"start":{"line":1,"column":0},"end":{"line":1,"column":19}}},"fnMap":{},"branchMap":{},"s":{"0":3},"f":{},"b":{},"_coverageSchema":"1a1c01bbd47fc00a2c39e90264f33305004495a9","hash":"affe99f7aab908643f4a160711e4dbf3c3392a46"}
,"D:\\4th Year\\Testing\\SerbisYouProvider\\assets\\ellipse-19.png": {"path":"D:\\4th Year\\Testing\\SerbisYouProvider\\assets\\ellipse-19.png","statementMap":{"0":{"start":{"line":1,"column":0},"end":{"line":1,"column":19}}},"fnMap":{},"branchMap":{},"s":{"0":1},"f":{},"b":{},"_coverageSchema":"1a1c01bbd47fc00a2c39e90264f33305004495a9","hash":"70894f926688ca5d637eba521d2ffe273b31fa89"}
,"D:\\4th Year\\Testing\\SerbisYouProvider\\assets\\ellipse-229.png": {"path":"D:\\4th Year\\Testing\\SerbisYouProvider\\assets\\ellipse-229.png","statementMap":{"0":{"start":{"line":1,"column":0},"end":{"line":1,"column":19}}},"fnMap":{},"branchMap":{},"s":{"0":3},"f":{},"b":{},"_coverageSchema":"1a1c01bbd47fc00a2c39e90264f33305004495a9","hash":"a75656e5a01ecd3d3e779caff67985cfdf1508bd"}
,"D:\\4th Year\\Testing\\SerbisYouProvider\\assets\\ellipse-4.png": {"path":"D:\\4th Year\\Testing\\SerbisYouProvider\\assets\\ellipse-4.png","statementMap":{"0":{"start":{"line":1,"column":0},"end":{"line":1,"column":19}}},"fnMap":{},"branchMap":{},"s":{"0":1},"f":{},"b":{},"_coverageSchema":"1a1c01bbd47fc00a2c39e90264f33305004495a9","hash":"522317b413911dadb4f4a9e55e58c2d4b05d2c50"}
,"D:\\4th Year\\Testing\\SerbisYouProvider\\assets\\ellipse-52.png": {"path":"D:\\4th Year\\Testing\\SerbisYouProvider\\assets\\ellipse-52.png","statementMap":{"0":{"start":{"line":1,"column":0},"end":{"line":1,"column":19}}},"fnMap":{},"branchMap":{},"s":{"0":1},"f":{},"b":{},"_coverageSchema":"1a1c01bbd47fc00a2c39e90264f33305004495a9","hash":"08659791cd0bf019b3c7665445d94336b9cfe6df"}
,"D:\\4th Year\\Testing\\SerbisYouProvider\\assets\\eye-off.png": {"path":"D:\\4th Year\\Testing\\SerbisYouProvider\\assets\\eye-off.png","statementMap":{"0":{"start":{"line":1,"column":0},"end":{"line":1,"column":19}}},"fnMap":{},"branchMap":{},"s":{"0":1},"f":{},"b":{},"_coverageSchema":"1a1c01bbd47fc00a2c39e90264f33305004495a9","hash":"81f4c01fed10dc99e14ad75b8d2ae64371890be4"}
,"D:\\4th Year\\Testing\\SerbisYouProvider\\assets\\frame.png": {"path":"D:\\4th Year\\Testing\\SerbisYouProvider\\assets\\frame.png","statementMap":{"0":{"start":{"line":1,"column":0},"end":{"line":1,"column":19}}},"fnMap":{},"branchMap":{},"s":{"0":2},"f":{},"b":{},"_coverageSchema":"1a1c01bbd47fc00a2c39e90264f33305004495a9","hash":"030bb4c9b1fcff20fe09b880e019f07e1fcaab5f"}
,"D:\\4th Year\\Testing\\SerbisYouProvider\\assets\\gps-2.png": {"path":"D:\\4th Year\\Testing\\SerbisYouProvider\\assets\\gps-2.png","statementMap":{"0":{"start":{"line":1,"column":0},"end":{"line":1,"column":19}}},"fnMap":{},"branchMap":{},"s":{"0":1},"f":{},"b":{},"_coverageSchema":"1a1c01bbd47fc00a2c39e90264f33305004495a9","hash":"bb0314c771a21e726fcb19157658ee7a275c9832"}
,"D:\\4th Year\\Testing\\SerbisYouProvider\\assets\\group-6476.png": {"path":"D:\\4th Year\\Testing\\SerbisYouProvider\\assets\\group-6476.png","statementMap":{"0":{"start":{"line":1,"column":0},"end":{"line":1,"column":19}}},"fnMap":{},"branchMap":{},"s":{"0":2},"f":{},"b":{},"_coverageSchema":"1a1c01bbd47fc00a2c39e90264f33305004495a9","hash":"7781872f194ff04e475293f02a10cdea846b662b"}
,"D:\\4th Year\\Testing\\SerbisYouProvider\\assets\\help-center-icon.png": {"path":"D:\\4th Year\\Testing\\SerbisYouProvider\\assets\\help-center-icon.png","statementMap":{"0":{"start":{"line":1,"column":0},"end":{"line":1,"column":19}}},"fnMap":{},"branchMap":{},"s":{"0":1},"f":{},"b":{},"_coverageSchema":"1a1c01bbd47fc00a2c39e90264f33305004495a9","hash":"74dbd674202e878e0be519d66534f4ccec66cd49"}
,"D:\\4th Year\\Testing\\SerbisYouProvider\\assets\\icon-filled.png": {"path":"D:\\4th Year\\Testing\\SerbisYouProvider\\assets\\icon-filled.png","statementMap":{"0":{"start":{"line":1,"column":0},"end":{"line":1,"column":19}}},"fnMap":{},"branchMap":{},"s":{"0":2},"f":{},"b":{},"_coverageSchema":"1a1c01bbd47fc00a2c39e90264f33305004495a9","hash":"afb9fd5acc72d368face1136779fc9a4a6b19837"}
,"D:\\4th Year\\Testing\\SerbisYouProvider\\assets\\icon1.png": {"path":"D:\\4th Year\\Testing\\SerbisYouProvider\\assets\\icon1.png","statementMap":{"0":{"start":{"line":1,"column":0},"end":{"line":1,"column":19}}},"fnMap":{},"branchMap":{},"s":{"0":3},"f":{},"b":{},"_coverageSchema":"1a1c01bbd47fc00a2c39e90264f33305004495a9","hash":"04cd6ea44ea0e5a07cca3951f47b814cffe1f864"}
,"D:\\4th Year\\Testing\\SerbisYouProvider\\assets\\icon13.png": {"path":"D:\\4th Year\\Testing\\SerbisYouProvider\\assets\\icon13.png","statementMap":{"0":{"start":{"line":1,"column":0},"end":{"line":1,"column":19}}},"fnMap":{},"branchMap":{},"s":{"0":1},"f":{},"b":{},"_coverageSchema":"1a1c01bbd47fc00a2c39e90264f33305004495a9","hash":"a3ead3e883672f39203fbb4955b5a92b948ff5ea"}
,"D:\\4th Year\\Testing\\SerbisYouProvider\\assets\\icon14.png": {"path":"D:\\4th Year\\Testing\\SerbisYouProvider\\assets\\icon14.png","statementMap":{"0":{"start":{"line":1,"column":0},"end":{"line":1,"column":19}}},"fnMap":{},"branchMap":{},"s":{"0":1},"f":{},"b":{},"_coverageSchema":"1a1c01bbd47fc00a2c39e90264f33305004495a9","hash":"a0cad01cbeeda7eb63c1768e20a77ff28f589e5c"}
,"D:\\4th Year\\Testing\\SerbisYouProvider\\assets\\icon2.png": {"path":"D:\\4th Year\\Testing\\SerbisYouProvider\\assets\\icon2.png","statementMap":{"0":{"start":{"line":1,"column":0},"end":{"line":1,"column":19}}},"fnMap":{},"branchMap":{},"s":{"0":3},"f":{},"b":{},"_coverageSchema":"1a1c01bbd47fc00a2c39e90264f33305004495a9","hash":"c31c77e75942254a0e443752be00183683abd09e"}
,"D:\\4th Year\\Testing\\SerbisYouProvider\\assets\\icon3.png": {"path":"D:\\4th Year\\Testing\\SerbisYouProvider\\assets\\icon3.png","statementMap":{"0":{"start":{"line":1,"column":0},"end":{"line":1,"column":19}}},"fnMap":{},"branchMap":{},"s":{"0":3},"f":{},"b":{},"_coverageSchema":"1a1c01bbd47fc00a2c39e90264f33305004495a9","hash":"df9356ca7de0aea6215418f393518ad97b2c250d"}
,"D:\\4th Year\\Testing\\SerbisYouProvider\\assets\\icon4.png": {"path":"D:\\4th Year\\Testing\\SerbisYouProvider\\assets\\icon4.png","statementMap":{"0":{"start":{"line":1,"column":0},"end":{"line":1,"column":19}}},"fnMap":{},"branchMap":{},"s":{"0":3},"f":{},"b":{},"_coverageSchema":"1a1c01bbd47fc00a2c39e90264f33305004495a9","hash":"59e5fb1506e56630131208f021e43d3c35c980fa"}
,"D:\\4th Year\\Testing\\SerbisYouProvider\\assets\\icons8chatbubble100-1.png": {"path":"D:\\4th Year\\Testing\\SerbisYouProvider\\assets\\icons8chatbubble100-1.png","statementMap":{"0":{"start":{"line":1,"column":0},"end":{"line":1,"column":19}}},"fnMap":{},"branchMap":{},"s":{"0":1},"f":{},"b":{},"_coverageSchema":"1a1c01bbd47fc00a2c39e90264f33305004495a9","hash":"88983c4286db5d04111ad65c2ed020fcbe82ed00"}
,"D:\\4th Year\\Testing\\SerbisYouProvider\\assets\\image-2354.png": {"path":"D:\\4th Year\\Testing\\SerbisYouProvider\\assets\\image-2354.png","statementMap":{"0":{"start":{"line":1,"column":0},"end":{"line":1,"column":19}}},"fnMap":{},"branchMap":{},"s":{"0":2},"f":{},"b":{},"_coverageSchema":"1a1c01bbd47fc00a2c39e90264f33305004495a9","hash":"8e1e60948cff66264393f376b4b700926f4c754f"}
,"D:\\4th Year\\Testing\\SerbisYouProvider\\assets\\image-2356.png": {"path":"D:\\4th Year\\Testing\\SerbisYouProvider\\assets\\image-2356.png","statementMap":{"0":{"start":{"line":1,"column":0},"end":{"line":1,"column":19}}},"fnMap":{},"branchMap":{},"s":{"0":2},"f":{},"b":{},"_coverageSchema":"1a1c01bbd47fc00a2c39e90264f33305004495a9","hash":"48a0cc6bd1c5f8bafd62f2c1f395708bfffe38bf"}
,"D:\\4th Year\\Testing\\SerbisYouProvider\\assets\\image-23583.png": {"path":"D:\\4th Year\\Testing\\SerbisYouProvider\\assets\\image-23583.png","statementMap":{"0":{"start":{"line":1,"column":0},"end":{"line":1,"column":19}}},"fnMap":{},"branchMap":{},"s":{"0":1},"f":{},"b":{},"_coverageSchema":"1a1c01bbd47fc00a2c39e90264f33305004495a9","hash":"50f2831de682e7086bbb1de60174e35e3e467755"}
,"D:\\4th Year\\Testing\\SerbisYouProvider\\assets\\image-2373.png": {"path":"D:\\4th Year\\Testing\\SerbisYouProvider\\assets\\image-2373.png","statementMap":{"0":{"start":{"line":1,"column":0},"end":{"line":1,"column":19}}},"fnMap":{},"branchMap":{},"s":{"0":2},"f":{},"b":{},"_coverageSchema":"1a1c01bbd47fc00a2c39e90264f33305004495a9","hash":"314a61df09133c462830f7ca5c66c82da39bd632"}
,"D:\\4th Year\\Testing\\SerbisYouProvider\\assets\\image-2387.png": {"path":"D:\\4th Year\\Testing\\SerbisYouProvider\\assets\\image-2387.png","statementMap":{"0":{"start":{"line":1,"column":0},"end":{"line":1,"column":19}}},"fnMap":{},"branchMap":{},"s":{"0":1},"f":{},"b":{},"_coverageSchema":"1a1c01bbd47fc00a2c39e90264f33305004495a9","hash":"3c9e50b552b31aec6ba25d753c910ff523f430be"}
,"D:\\4th Year\\Testing\\SerbisYouProvider\\assets\\left-arrow-black.png": {"path":"D:\\4th Year\\Testing\\SerbisYouProvider\\assets\\left-arrow-black.png","statementMap":{"0":{"start":{"line":1,"column":0},"end":{"line":1,"column":19}}},"fnMap":{},"branchMap":{},"s":{"0":1},"f":{},"b":{},"_coverageSchema":"1a1c01bbd47fc00a2c39e90264f33305004495a9","hash":"9e9bc0f833b562d3d419e6f8105702d032064d3a"}
,"D:\\4th Year\\Testing\\SerbisYouProvider\\assets\\line-133.png": {"path":"D:\\4th Year\\Testing\\SerbisYouProvider\\assets\\line-133.png","statementMap":{"0":{"start":{"line":1,"column":0},"end":{"line":1,"column":19}}},"fnMap":{},"branchMap":{},"s":{"0":1},"f":{},"b":{},"_coverageSchema":"1a1c01bbd47fc00a2c39e90264f33305004495a9","hash":"b4755b6ed7c90c4a99270b5d300ae9fcd9c44c9c"}
,"D:\\4th Year\\Testing\\SerbisYouProvider\\assets\\line-74.png": {"path":"D:\\4th Year\\Testing\\SerbisYouProvider\\assets\\line-74.png","statementMap":{"0":{"start":{"line":1,"column":0},"end":{"line":1,"column":19}}},"fnMap":{},"branchMap":{},"s":{"0":1},"f":{},"b":{},"_coverageSchema":"1a1c01bbd47fc00a2c39e90264f33305004495a9","hash":"62d56645b335ff26ec22cbcc0abebf4812731338"}
,"D:\\4th Year\\Testing\\SerbisYouProvider\\assets\\line-84.png": {"path":"D:\\4th Year\\Testing\\SerbisYouProvider\\assets\\line-84.png","statementMap":{"0":{"start":{"line":1,"column":0},"end":{"line":1,"column":19}}},"fnMap":{},"branchMap":{},"s":{"0":2},"f":{},"b":{},"_coverageSchema":"1a1c01bbd47fc00a2c39e90264f33305004495a9","hash":"348fe4d21b7c1ff3434d75eaddaff868c1e8c54e"}
,"D:\\4th Year\\Testing\\SerbisYouProvider\\assets\\line.png": {"path":"D:\\4th Year\\Testing\\SerbisYouProvider\\assets\\line.png","statementMap":{"0":{"start":{"line":1,"column":0},"end":{"line":1,"column":19}}},"fnMap":{},"branchMap":{},"s":{"0":1},"f":{},"b":{},"_coverageSchema":"1a1c01bbd47fc00a2c39e90264f33305004495a9","hash":"d853097826525f5bc3375377476fc4c596c887d5"}
,"D:\\4th Year\\Testing\\SerbisYouProvider\\assets\\lock.png": {"path":"D:\\4th Year\\Testing\\SerbisYouProvider\\assets\\lock.png","statementMap":{"0":{"start":{"line":1,"column":0},"end":{"line":1,"column":19}}},"fnMap":{},"branchMap":{},"s":{"0":1},"f":{},"b":{},"_coverageSchema":"1a1c01bbd47fc00a2c39e90264f33305004495a9","hash":"c0ea2f970ce4368a37ab918e86fe41abdfa4c6fd"}
,"D:\\4th Year\\Testing\\SerbisYouProvider\\assets\\markers--near-pinlet-marker1.png": {"path":"D:\\4th Year\\Testing\\SerbisYouProvider\\assets\\markers--near-pinlet-marker1.png","statementMap":{"0":{"start":{"line":1,"column":0},"end":{"line":1,"column":19}}},"fnMap":{},"branchMap":{},"s":{"0":1},"f":{},"b":{},"_coverageSchema":"1a1c01bbd47fc00a2c39e90264f33305004495a9","hash":"7505456610950bb2f8f324252afc9ced42272a9f"}
,"D:\\4th Year\\Testing\\SerbisYouProvider\\assets\\mastercard--jpeg-0.png": {"path":"D:\\4th Year\\Testing\\SerbisYouProvider\\assets\\mastercard--jpeg-0.png","statementMap":{"0":{"start":{"line":1,"column":0},"end":{"line":1,"column":19}}},"fnMap":{},"branchMap":{},"s":{"0":1},"f":{},"b":{},"_coverageSchema":"1a1c01bbd47fc00a2c39e90264f33305004495a9","hash":"13c66ae9cc2489332252d5969f3aa23e72c4fc88"}
,"D:\\4th Year\\Testing\\SerbisYouProvider\\assets\\mop-1.png": {"path":"D:\\4th Year\\Testing\\SerbisYouProvider\\assets\\mop-1.png","statementMap":{"0":{"start":{"line":1,"column":0},"end":{"line":1,"column":19}}},"fnMap":{},"branchMap":{},"s":{"0":1},"f":{},"b":{},"_coverageSchema":"1a1c01bbd47fc00a2c39e90264f33305004495a9","hash":"255937b48afbabcd1149b6adf3a6802e7ded68ca"}
,"D:\\4th Year\\Testing\\SerbisYouProvider\\assets\\navigationMap.png": {"path":"D:\\4th Year\\Testing\\SerbisYouProvider\\assets\\navigationMap.png","statementMap":{"0":{"start":{"line":1,"column":0},"end":{"line":1,"column":19}}},"fnMap":{},"branchMap":{},"s":{"0":1},"f":{},"b":{},"_coverageSchema":"1a1c01bbd47fc00a2c39e90264f33305004495a9","hash":"807aded577c22f86d5600ddfea2db51d02e6f09d"}
,"D:\\4th Year\\Testing\\SerbisYouProvider\\assets\\notifications-icon.png": {"path":"D:\\4th Year\\Testing\\SerbisYouProvider\\assets\\notifications-icon.png","statementMap":{"0":{"start":{"line":1,"column":0},"end":{"line":1,"column":19}}},"fnMap":{},"branchMap":{},"s":{"0":1},"f":{},"b":{},"_coverageSchema":"1a1c01bbd47fc00a2c39e90264f33305004495a9","hash":"1cb750fbae5501968e8455e8ba629efc2d4484e3"}
,"D:\\4th Year\\Testing\\SerbisYouProvider\\assets\\order-notifications-icon.png": {"path":"D:\\4th Year\\Testing\\SerbisYouProvider\\assets\\order-notifications-icon.png","statementMap":{"0":{"start":{"line":1,"column":0},"end":{"line":1,"column":19}}},"fnMap":{},"branchMap":{},"s":{"0":1},"f":{},"b":{},"_coverageSchema":"1a1c01bbd47fc00a2c39e90264f33305004495a9","hash":"55bebb568b370796332674879b56723d83c97552"}
,"D:\\4th Year\\Testing\\SerbisYouProvider\\assets\\password-icon.png": {"path":"D:\\4th Year\\Testing\\SerbisYouProvider\\assets\\password-icon.png","statementMap":{"0":{"start":{"line":1,"column":0},"end":{"line":1,"column":19}}},"fnMap":{},"branchMap":{},"s":{"0":1},"f":{},"b":{},"_coverageSchema":"1a1c01bbd47fc00a2c39e90264f33305004495a9","hash":"d8fb3305601519d984215e82ffeadf6596cf3dd5"}
,"D:\\4th Year\\Testing\\SerbisYouProvider\\assets\\payment-icon.png": {"path":"D:\\4th Year\\Testing\\SerbisYouProvider\\assets\\payment-icon.png","statementMap":{"0":{"start":{"line":1,"column":0},"end":{"line":1,"column":19}}},"fnMap":{},"branchMap":{},"s":{"0":1},"f":{},"b":{},"_coverageSchema":"1a1c01bbd47fc00a2c39e90264f33305004495a9","hash":"4156621526c25d61e3ddd600e2c9f34f4116e283"}
,"D:\\4th Year\\Testing\\SerbisYouProvider\\assets\\policy-icon.png": {"path":"D:\\4th Year\\Testing\\SerbisYouProvider\\assets\\policy-icon.png","statementMap":{"0":{"start":{"line":1,"column":0},"end":{"line":1,"column":19}}},"fnMap":{},"branchMap":{},"s":{"0":1},"f":{},"b":{},"_coverageSchema":"1a1c01bbd47fc00a2c39e90264f33305004495a9","hash":"f007ad94cf38fce6dcf02146f2882a97eb0f36c3"}
,"D:\\4th Year\\Testing\\SerbisYouProvider\\assets\\polygon-up.png": {"path":"D:\\4th Year\\Testing\\SerbisYouProvider\\assets\\polygon-up.png","statementMap":{"0":{"start":{"line":1,"column":0},"end":{"line":1,"column":19}}},"fnMap":{},"branchMap":{},"s":{"0":1},"f":{},"b":{},"_coverageSchema":"1a1c01bbd47fc00a2c39e90264f33305004495a9","hash":"c08b078e7803b05ece88176db86aefb8b1c363d8"}
,"D:\\4th Year\\Testing\\SerbisYouProvider\\assets\\profile-icon.png": {"path":"D:\\4th Year\\Testing\\SerbisYouProvider\\assets\\profile-icon.png","statementMap":{"0":{"start":{"line":1,"column":0},"end":{"line":1,"column":19}}},"fnMap":{},"branchMap":{},"s":{"0":1},"f":{},"b":{},"_coverageSchema":"1a1c01bbd47fc00a2c39e90264f33305004495a9","hash":"0ee731d3e455fa21fa0dc34cfed6f16a01e33ee0"}
,"D:\\4th Year\\Testing\\SerbisYouProvider\\assets\\rectangle-4408.png": {"path":"D:\\4th Year\\Testing\\SerbisYouProvider\\assets\\rectangle-4408.png","statementMap":{"0":{"start":{"line":1,"column":0},"end":{"line":1,"column":19}}},"fnMap":{},"branchMap":{},"s":{"0":1},"f":{},"b":{},"_coverageSchema":"1a1c01bbd47fc00a2c39e90264f33305004495a9","hash":"584df642c209192dc3862ad7dc0d75147e4054fb"}
,"D:\\4th Year\\Testing\\SerbisYouProvider\\assets\\resetpassword-1-1.png": {"path":"D:\\4th Year\\Testing\\SerbisYouProvider\\assets\\resetpassword-1-1.png","statementMap":{"0":{"start":{"line":1,"column":0},"end":{"line":1,"column":19}}},"fnMap":{},"branchMap":{},"s":{"0":1},"f":{},"b":{},"_coverageSchema":"1a1c01bbd47fc00a2c39e90264f33305004495a9","hash":"2d345c2cbcc3e7be48a8fa96d5edccb491945acc"}
,"D:\\4th Year\\Testing\\SerbisYouProvider\\assets\\right-arrow-black.png": {"path":"D:\\4th Year\\Testing\\SerbisYouProvider\\assets\\right-arrow-black.png","statementMap":{"0":{"start":{"line":1,"column":0},"end":{"line":1,"column":19}}},"fnMap":{},"branchMap":{},"s":{"0":1},"f":{},"b":{},"_coverageSchema":"1a1c01bbd47fc00a2c39e90264f33305004495a9","hash":"50fee7141ad38e2557e638d56524c48952b0c10e"}
,"D:\\4th Year\\Testing\\SerbisYouProvider\\assets\\serbisyouwhite-1.png": {"path":"D:\\4th Year\\Testing\\SerbisYouProvider\\assets\\serbisyouwhite-1.png","statementMap":{"0":{"start":{"line":1,"column":0},"end":{"line":1,"column":19}}},"fnMap":{},"branchMap":{},"s":{"0":1},"f":{},"b":{},"_coverageSchema":"1a1c01bbd47fc00a2c39e90264f33305004495a9","hash":"0cee2fdc90f79125d43d814d947dd2272210dd11"}
,"D:\\4th Year\\Testing\\SerbisYouProvider\\assets\\sms-notifications-icon.png": {"path":"D:\\4th Year\\Testing\\SerbisYouProvider\\assets\\sms-notifications-icon.png","statementMap":{"0":{"start":{"line":1,"column":0},"end":{"line":1,"column":19}}},"fnMap":{},"branchMap":{},"s":{"0":1},"f":{},"b":{},"_coverageSchema":"1a1c01bbd47fc00a2c39e90264f33305004495a9","hash":"0ee1059f5e134823b93704b161573b1d9c2c1df4"}
,"D:\\4th Year\\Testing\\SerbisYouProvider\\assets\\town.png": {"path":"D:\\4th Year\\Testing\\SerbisYouProvider\\assets\\town.png","statementMap":{"0":{"start":{"line":1,"column":0},"end":{"line":1,"column":19}}},"fnMap":{},"branchMap":{},"s":{"0":2},"f":{},"b":{},"_coverageSchema":"1a1c01bbd47fc00a2c39e90264f33305004495a9","hash":"4b4e003256e085a1cc567cabf897d0eca5efcc40"}
,"D:\\4th Year\\Testing\\SerbisYouProvider\\assets\\ui-iconarrow-backwardfilled.png": {"path":"D:\\4th Year\\Testing\\SerbisYouProvider\\assets\\ui-iconarrow-backwardfilled.png","statementMap":{"0":{"start":{"line":1,"column":0},"end":{"line":1,"column":19}}},"fnMap":{},"branchMap":{},"s":{"0":1},"f":{},"b":{},"_coverageSchema":"1a1c01bbd47fc00a2c39e90264f33305004495a9","hash":"a85c7842ee2f27c560c9c271ba459748e5ec285d"}
,"D:\\4th Year\\Testing\\SerbisYouProvider\\assets\\union.png": {"path":"D:\\4th Year\\Testing\\SerbisYouProvider\\assets\\union.png","statementMap":{"0":{"start":{"line":1,"column":0},"end":{"line":1,"column":19}}},"fnMap":{},"branchMap":{},"s":{"0":1},"f":{},"b":{},"_coverageSchema":"1a1c01bbd47fc00a2c39e90264f33305004495a9","hash":"63f5e1fcad94c4d178c133dff5f8823ab2a9e961"}
,"D:\\4th Year\\Testing\\SerbisYouProvider\\assets\\vector-3.png": {"path":"D:\\4th Year\\Testing\\SerbisYouProvider\\assets\\vector-3.png","statementMap":{"0":{"start":{"line":1,"column":0},"end":{"line":1,"column":19}}},"fnMap":{},"branchMap":{},"s":{"0":1},"f":{},"b":{},"_coverageSchema":"1a1c01bbd47fc00a2c39e90264f33305004495a9","hash":"98e36650bd8d12f0140911bf10a7bde054f4c730"}
,"D:\\4th Year\\Testing\\SerbisYouProvider\\assets\\vector-32.png": {"path":"D:\\4th Year\\Testing\\SerbisYouProvider\\assets\\vector-32.png","statementMap":{"0":{"start":{"line":1,"column":0},"end":{"line":1,"column":19}}},"fnMap":{},"branchMap":{},"s":{"0":1},"f":{},"b":{},"_coverageSchema":"1a1c01bbd47fc00a2c39e90264f33305004495a9","hash":"a268fb91f8968685849b9c7655ee1bec4a06e84e"}
,"D:\\4th Year\\Testing\\SerbisYouProvider\\assets\\vector1.png": {"path":"D:\\4th Year\\Testing\\SerbisYouProvider\\assets\\vector1.png","statementMap":{"0":{"start":{"line":1,"column":0},"end":{"line":1,"column":19}}},"fnMap":{},"branchMap":{},"s":{"0":2},"f":{},"b":{},"_coverageSchema":"1a1c01bbd47fc00a2c39e90264f33305004495a9","hash":"24ef83fb050ecd6c52426d50d5ca2f9828fa22f9"}
,"D:\\4th Year\\Testing\\SerbisYouProvider\\assets\\vector2.png": {"path":"D:\\4th Year\\Testing\\SerbisYouProvider\\assets\\vector2.png","statementMap":{"0":{"start":{"line":1,"column":0},"end":{"line":1,"column":19}}},"fnMap":{},"branchMap":{},"s":{"0":2},"f":{},"b":{},"_coverageSchema":"1a1c01bbd47fc00a2c39e90264f33305004495a9","hash":"54ce3d839de2b1ec64afb6802cbd9d7590588b4e"}
,"D:\\4th Year\\Testing\\SerbisYouProvider\\assets\\vector5.png": {"path":"D:\\4th Year\\Testing\\SerbisYouProvider\\assets\\vector5.png","statementMap":{"0":{"start":{"line":1,"column":0},"end":{"line":1,"column":19}}},"fnMap":{},"branchMap":{},"s":{"0":3},"f":{},"b":{},"_coverageSchema":"1a1c01bbd47fc00a2c39e90264f33305004495a9","hash":"c832ba4d1b34eb55058d2594aeca8c28503fe7fe"}
,"D:\\4th Year\\Testing\\SerbisYouProvider\\assets\\vector7.png": {"path":"D:\\4th Year\\Testing\\SerbisYouProvider\\assets\\vector7.png","statementMap":{"0":{"start":{"line":1,"column":0},"end":{"line":1,"column":19}}},"fnMap":{},"branchMap":{},"s":{"0":1},"f":{},"b":{},"_coverageSchema":"1a1c01bbd47fc00a2c39e90264f33305004495a9","hash":"d7f956a12161be378309b1ff445e5301977f82af"}
,"D:\\4th Year\\Testing\\SerbisYouProvider\\assets\\vector8.png": {"path":"D:\\4th Year\\Testing\\SerbisYouProvider\\assets\\vector8.png","statementMap":{"0":{"start":{"line":1,"column":0},"end":{"line":1,"column":19}}},"fnMap":{},"branchMap":{},"s":{"0":1},"f":{},"b":{},"_coverageSchema":"1a1c01bbd47fc00a2c39e90264f33305004495a9","hash":"6b916668513524e6bea0c06ea99f51a7d47081df"}
,"D:\\4th Year\\Testing\\SerbisYouProvider\\assets\\vector9.png": {"path":"D:\\4th Year\\Testing\\SerbisYouProvider\\assets\\vector9.png","statementMap":{"0":{"start":{"line":1,"column":0},"end":{"line":1,"column":19}}},"fnMap":{},"branchMap":{},"s":{"0":1},"f":{},"b":{},"_coverageSchema":"1a1c01bbd47fc00a2c39e90264f33305004495a9","hash":"652e8f6191c8bb71d7ea239aea1183e60c5d2a22"}
,"D:\\4th Year\\Testing\\SerbisYouProvider\\assets\\vuesaxtwotonemessagetext.png": {"path":"D:\\4th Year\\Testing\\SerbisYouProvider\\assets\\vuesaxtwotonemessagetext.png","statementMap":{"0":{"start":{"line":1,"column":0},"end":{"line":1,"column":19}}},"fnMap":{},"branchMap":{},"s":{"0":1},"f":{},"b":{},"_coverageSchema":"1a1c01bbd47fc00a2c39e90264f33305004495a9","hash":"dc4330946ae4e801d49a08770f337de5650c52a2"}
,"D:\\4th Year\\Testing\\SerbisYouProvider\\components\\AboutUsFrame.js": {"path":"D:\\4th Year\\Testing\\SerbisYouProvider\\components\\AboutUsFrame.js","statementMap":{"0":{"start":{"line":5,"column":21},"end":{"line":68,"column":1}},"1":{"start":{"line":6,"column":2},"end":{"line":67,"column":4}},"2":{"start":{"line":70,"column":15},"end":{"line":114,"column":2}}},"fnMap":{"0":{"name":"(anonymous_0)","decl":{"start":{"line":5,"column":21},"end":{"line":5,"column":22}},"loc":{"start":{"line":5,"column":36},"end":{"line":68,"column":1}},"line":5}},"branchMap":{},"s":{"0":1,"1":0,"2":1},"f":{"0":0},"b":{},"_coverageSchema":"1a1c01bbd47fc00a2c39e90264f33305004495a9","hash":"1da55670d9790b03baa0125407f0360fd8027a3a"}
,"D:\\4th Year\\Testing\\SerbisYouProvider\\components\\ActiveBookingCard.js": {"path":"D:\\4th Year\\Testing\\SerbisYouProvider\\components\\ActiveBookingCard.js","statementMap":{"0":{"start":{"line":8,"column":23},"end":{"line":19,"column":3}},"1":{"start":{"line":9,"column":4},"end":{"line":18,"column":5}},"2":{"start":{"line":11,"column":8},"end":{"line":11,"column":31}},"3":{"start":{"line":13,"column":8},"end":{"line":13,"column":32}},"4":{"start":{"line":15,"column":8},"end":{"line":15,"column":33}},"5":{"start":{"line":17,"column":8},"end":{"line":17,"column":36}},"6":{"start":{"line":22,"column":31},"end":{"line":33,"column":1}},"7":{"start":{"line":23,"column":4},"end":{"line":32,"column":5}},"8":{"start":{"line":25,"column":8},"end":{"line":25,"column":40}},"9":{"start":{"line":27,"column":8},"end":{"line":27,"column":41}},"10":{"start":{"line":29,"column":8},"end":{"line":29,"column":42}},"11":{"start":{"line":31,"column":8},"end":{"line":31,"column":18}},"12":{"start":{"line":35,"column":22},"end":{"line":46,"column":3}},"13":{"start":{"line":36,"column":4},"end":{"line":45,"column":5}},"14":{"start":{"line":38,"column":8},"end":{"line":38,"column":32}},"15":{"start":{"line":40,"column":8},"end":{"line":40,"column":25}},"16":{"start":{"line":42,"column":8},"end":{"line":42,"column":22}},"17":{"start":{"line":44,"column":8},"end":{"line":44,"column":24}},"18":{"start":{"line":48,"column":26},"end":{"line":171,"column":1}},"19":{"start":{"line":49,"column":19},"end":{"line":49,"column":34}},"20":{"start":{"line":50,"column":22},"end":{"line":50,"column":44}},"21":{"start":{"line":51,"column":30},"end":{"line":51,"column":60}},"22":{"start":{"line":53,"column":24},"end":{"line":61,"column":3}},"23":{"start":{"line":54,"column":4},"end":{"line":60,"column":5}},"24":{"start":{"line":55,"column":6},"end":{"line":55,"column":124}},"25":{"start":{"line":56,"column":11},"end":{"line":60,"column":5}},"26":{"start":{"line":57,"column":6},"end":{"line":57,"column":124}},"27":{"start":{"line":58,"column":11},"end":{"line":60,"column":5}},"28":{"start":{"line":59,"column":6},"end":{"line":59,"column":122}},"29":{"start":{"line":63,"column":26},"end":{"line":65,"column":3}},"30":{"start":{"line":64,"column":4},"end":{"line":64,"column":36}},"31":{"start":{"line":66,"column":23},"end":{"line":68,"column":3}},"32":{"start":{"line":67,"column":4},"end":{"line":67,"column":36}},"33":{"start":{"line":70,"column":29},"end":{"line":72,"column":3}},"34":{"start":{"line":71,"column":4},"end":{"line":71,"column":62}},"35":{"start":{"line":75,"column":2},"end":{"line":170,"column":4}},"36":{"start":{"line":156,"column":27},"end":{"line":156,"column":41}},"37":{"start":{"line":162,"column":62},"end":{"line":162,"column":82}},"38":{"start":{"line":172,"column":15},"end":{"line":475,"column":2}}},"fnMap":{"0":{"name":"(anonymous_0)","decl":{"start":{"line":8,"column":23},"end":{"line":8,"column":24}},"loc":{"start":{"line":8,"column":35},"end":{"line":19,"column":3}},"line":8},"1":{"name":"(anonymous_1)","decl":{"start":{"line":22,"column":31},"end":{"line":22,"column":32}},"loc":{"start":{"line":22,"column":43},"end":{"line":33,"column":1}},"line":22},"2":{"name":"(anonymous_2)","decl":{"start":{"line":35,"column":22},"end":{"line":35,"column":23}},"loc":{"start":{"line":35,"column":34},"end":{"line":46,"column":3}},"line":35},"3":{"name":"(anonymous_3)","decl":{"start":{"line":48,"column":26},"end":{"line":48,"column":27}},"loc":{"start":{"line":48,"column":131},"end":{"line":171,"column":1}},"line":48},"4":{"name":"(anonymous_4)","decl":{"start":{"line":53,"column":24},"end":{"line":53,"column":25}},"loc":{"start":{"line":53,"column":30},"end":{"line":61,"column":3}},"line":53},"5":{"name":"(anonymous_5)","decl":{"start":{"line":63,"column":26},"end":{"line":63,"column":27}},"loc":{"start":{"line":63,"column":30},"end":{"line":65,"column":3}},"line":63},"6":{"name":"(anonymous_6)","decl":{"start":{"line":66,"column":23},"end":{"line":66,"column":24}},"loc":{"start":{"line":66,"column":27},"end":{"line":68,"column":3}},"line":66},"7":{"name":"(anonymous_7)","decl":{"start":{"line":70,"column":29},"end":{"line":70,"column":30}},"loc":{"start":{"line":70,"column":35},"end":{"line":72,"column":3}},"line":70},"8":{"name":"(anonymous_8)","decl":{"start":{"line":156,"column":21},"end":{"line":156,"column":22}},"loc":{"start":{"line":156,"column":27},"end":{"line":156,"column":41}},"line":156},"9":{"name":"(anonymous_9)","decl":{"start":{"line":162,"column":56},"end":{"line":162,"column":57}},"loc":{"start":{"line":162,"column":62},"end":{"line":162,"column":82}},"line":162}},"branchMap":{"0":{"loc":{"start":{"line":9,"column":4},"end":{"line":18,"column":5}},"type":"switch","locations":[{"start":{"line":10,"column":6},"end":{"line":11,"column":31}},{"start":{"line":12,"column":6},"end":{"line":13,"column":32}},{"start":{"line":14,"column":6},"end":{"line":15,"column":33}},{"start":{"line":16,"column":6},"end":{"line":17,"column":36}}],"line":9},"1":{"loc":{"start":{"line":23,"column":4},"end":{"line":32,"column":5}},"type":"switch","locations":[{"start":{"line":24,"column":6},"end":{"line":25,"column":40}},{"start":{"line":26,"column":6},"end":{"line":27,"column":41}},{"start":{"line":28,"column":6},"end":{"line":29,"column":42}},{"start":{"line":30,"column":6},"end":{"line":31,"column":18}}],"line":23},"2":{"loc":{"start":{"line":36,"column":4},"end":{"line":45,"column":5}},"type":"switch","locations":[{"start":{"line":37,"column":6},"end":{"line":38,"column":32}},{"start":{"line":39,"column":6},"end":{"line":40,"column":25}},{"start":{"line":41,"column":6},"end":{"line":42,"column":22}},{"start":{"line":43,"column":6},"end":{"line":44,"column":24}}],"line":36},"3":{"loc":{"start":{"line":54,"column":4},"end":{"line":60,"column":5}},"type":"if","locations":[{"start":{"line":54,"column":4},"end":{"line":60,"column":5}},{"start":{"line":56,"column":11},"end":{"line":60,"column":5}}],"line":54},"4":{"loc":{"start":{"line":56,"column":11},"end":{"line":60,"column":5}},"type":"if","locations":[{"start":{"line":56,"column":11},"end":{"line":60,"column":5}},{"start":{"line":58,"column":11},"end":{"line":60,"column":5}}],"line":56},"5":{"loc":{"start":{"line":58,"column":11},"end":{"line":60,"column":5}},"type":"if","locations":[{"start":{"line":58,"column":11},"end":{"line":60,"column":5}},{"start":{},"end":{}}],"line":58}},"s":{"0":1,"1":0,"2":0,"3":0,"4":0,"5":0,"6":1,"7":0,"8":0,"9":0,"10":0,"11":0,"12":1,"13":0,"14":0,"15":0,"16":0,"17":0,"18":1,"19":0,"20":0,"21":0,"22":0,"23":0,"24":0,"25":0,"26":0,"27":0,"28":0,"29":0,"30":0,"31":0,"32":0,"33":0,"34":0,"35":0,"36":0,"37":0,"38":1},"f":{"0":0,"1":0,"2":0,"3":0,"4":0,"5":0,"6":0,"7":0,"8":0,"9":0},"b":{"0":[0,0,0,0],"1":[0,0,0,0],"2":[0,0,0,0],"3":[0,0],"4":[0,0],"5":[0,0]},"_coverageSchema":"1a1c01bbd47fc00a2c39e90264f33305004495a9","hash":"45ab1da6932c090a9e4f0c84f66cd291495e21ca"}
,"D:\\4th Year\\Testing\\SerbisYouProvider\\components\\ActiveBookings.js": {"path":"D:\\4th Year\\Testing\\SerbisYouProvider\\components\\ActiveBookings.js","statementMap":{"0":{"start":{"line":21,"column":23},"end":{"line":150,"column":1}},"1":{"start":{"line":22,"column":21},"end":{"line":22,"column":36}},"2":{"start":{"line":23,"column":46},"end":{"line":23,"column":58}},"3":{"start":{"line":25,"column":30},"end":{"line":55,"column":3}},"4":{"start":{"line":26,"column":15},"end":{"line":26,"column":29}},"5":{"start":{"line":27,"column":17},"end":{"line":27,"column":26}},"6":{"start":{"line":28,"column":24},"end":{"line":28,"column":44}},"7":{"start":{"line":30,"column":14},"end":{"line":30,"column":86}},"8":{"start":{"line":33,"column":4},"end":{"line":54,"column":7}},"9":{"start":{"line":34,"column":21},"end":{"line":34,"column":23}},"10":{"start":{"line":35,"column":6},"end":{"line":51,"column":7}},"11":{"start":{"line":36,"column":8},"end":{"line":40,"column":11}},"12":{"start":{"line":37,"column":10},"end":{"line":39,"column":11}},"13":{"start":{"line":38,"column":12},"end":{"line":38,"column":57}},"14":{"start":{"line":41,"column":8},"end":{"line":47,"column":9}},"15":{"start":{"line":42,"column":10},"end":{"line":42,"column":38}},"16":{"start":{"line":43,"column":10},"end":{"line":43,"column":46}},"17":{"start":{"line":45,"column":10},"end":{"line":45,"column":32}},"18":{"start":{"line":46,"column":10},"end":{"line":46,"column":82}},"19":{"start":{"line":49,"column":8},"end":{"line":49,"column":30}},"20":{"start":{"line":50,"column":8},"end":{"line":50,"column":65}},"21":{"start":{"line":53,"column":6},"end":{"line":53,"column":61}},"22":{"start":{"line":57,"column":34},"end":{"line":65,"column":3}},"23":{"start":{"line":59,"column":4},"end":{"line":64,"column":5}},"24":{"start":{"line":60,"column":6},"end":{"line":60,"column":27}},"25":{"start":{"line":63,"column":6},"end":{"line":63,"column":46}},"26":{"start":{"line":67,"column":2},"end":{"line":75,"column":9}},"27":{"start":{"line":68,"column":32},"end":{"line":72,"column":5}},"28":{"start":{"line":69,"column":23},"end":{"line":69,"column":44}},"29":{"start":{"line":70,"column":6},"end":{"line":70,"column":34}},"30":{"start":{"line":71,"column":6},"end":{"line":71,"column":56}},"31":{"start":{"line":74,"column":4},"end":{"line":74,"column":25}},"32":{"start":{"line":77,"column":21},"end":{"line":92,"column":3}},"33":{"start":{"line":78,"column":4},"end":{"line":91,"column":6}},"34":{"start":{"line":94,"column":2},"end":{"line":149,"column":4}},"35":{"start":{"line":123,"column":75},"end":{"line":123,"column":136}},"36":{"start":{"line":144,"column":34},"end":{"line":144,"column":41}},"37":{"start":{"line":152,"column":15},"end":{"line":537,"column":2}}},"fnMap":{"0":{"name":"(anonymous_0)","decl":{"start":{"line":21,"column":23},"end":{"line":21,"column":24}},"loc":{"start":{"line":21,"column":38},"end":{"line":150,"column":1}},"line":21},"1":{"name":"(anonymous_1)","decl":{"start":{"line":25,"column":30},"end":{"line":25,"column":31}},"loc":{"start":{"line":25,"column":36},"end":{"line":55,"column":3}},"line":25},"2":{"name":"(anonymous_2)","decl":{"start":{"line":33,"column":18},"end":{"line":33,"column":19}},"loc":{"start":{"line":33,"column":37},"end":{"line":52,"column":5}},"line":33},"3":{"name":"(anonymous_3)","decl":{"start":{"line":36,"column":30},"end":{"line":36,"column":31}},"loc":{"start":{"line":36,"column":39},"end":{"line":40,"column":9}},"line":36},"4":{"name":"(anonymous_4)","decl":{"start":{"line":52,"column":7},"end":{"line":52,"column":8}},"loc":{"start":{"line":52,"column":18},"end":{"line":54,"column":5}},"line":52},"5":{"name":"(anonymous_5)","decl":{"start":{"line":57,"column":34},"end":{"line":57,"column":35}},"loc":{"start":{"line":57,"column":44},"end":{"line":65,"column":3}},"line":57},"6":{"name":"(anonymous_6)","decl":{"start":{"line":67,"column":12},"end":{"line":67,"column":13}},"loc":{"start":{"line":67,"column":18},"end":{"line":75,"column":3}},"line":67},"7":{"name":"(anonymous_7)","decl":{"start":{"line":68,"column":32},"end":{"line":68,"column":33}},"loc":{"start":{"line":68,"column":38},"end":{"line":72,"column":5}},"line":68},"8":{"name":"(anonymous_8)","decl":{"start":{"line":77,"column":21},"end":{"line":77,"column":22}},"loc":{"start":{"line":77,"column":42},"end":{"line":92,"column":3}},"line":77},"9":{"name":"(anonymous_9)","decl":{"start":{"line":123,"column":70},"end":{"line":123,"column":71}},"loc":{"start":{"line":123,"column":75},"end":{"line":123,"column":136}},"line":123},"10":{"name":"(anonymous_10)","decl":{"start":{"line":144,"column":24},"end":{"line":144,"column":25}},"loc":{"start":{"line":144,"column":34},"end":{"line":144,"column":41}},"line":144}},"branchMap":{"0":{"loc":{"start":{"line":35,"column":6},"end":{"line":51,"column":7}},"type":"if","locations":[{"start":{"line":35,"column":6},"end":{"line":51,"column":7}},{"start":{"line":48,"column":12},"end":{"line":51,"column":7}}],"line":35},"1":{"loc":{"start":{"line":37,"column":10},"end":{"line":39,"column":11}},"type":"if","locations":[{"start":{"line":37,"column":10},"end":{"line":39,"column":11}},{"start":{},"end":{}}],"line":37},"2":{"loc":{"start":{"line":41,"column":8},"end":{"line":47,"column":9}},"type":"if","locations":[{"start":{"line":41,"column":8},"end":{"line":47,"column":9}},{"start":{"line":44,"column":15},"end":{"line":47,"column":9}}],"line":41},"3":{"loc":{"start":{"line":59,"column":4},"end":{"line":64,"column":5}},"type":"if","locations":[{"start":{"line":59,"column":4},"end":{"line":64,"column":5}},{"start":{"line":61,"column":11},"end":{"line":64,"column":5}}],"line":59},"4":{"loc":{"start":{"line":59,"column":8},"end":{"line":59,"column":92}},"type":"binary-expr","locations":[{"start":{"line":59,"column":8},"end":{"line":59,"column":33}},{"start":{"line":59,"column":37},"end":{"line":59,"column":63}},{"start":{"line":59,"column":67},"end":{"line":59,"column":92}}],"line":59},"5":{"loc":{"start":{"line":96,"column":5},"end":{"line":147,"column":7}},"type":"cond-expr","locations":[{"start":{"line":98,"column":8},"end":{"line":137,"column":15}},{"start":{"line":138,"column":11},"end":{"line":146,"column":13}}],"line":96}},"s":{"0":1,"1":0,"2":0,"3":0,"4":0,"5":0,"6":0,"7":0,"8":0,"9":0,"10":0,"11":0,"12":0,"13":0,"14":0,"15":0,"16":0,"17":0,"18":0,"19":0,"20":0,"21":0,"22":0,"23":0,"24":0,"25":0,"26":0,"27":0,"28":0,"29":0,"30":0,"31":0,"32":0,"33":0,"34":0,"35":0,"36":0,"37":1},"f":{"0":0,"1":0,"2":0,"3":0,"4":0,"5":0,"6":0,"7":0,"8":0,"9":0,"10":0},"b":{"0":[0,0],"1":[0,0],"2":[0,0],"3":[0,0],"4":[0,0,0],"5":[0,0]},"_coverageSchema":"1a1c01bbd47fc00a2c39e90264f33305004495a9","hash":"d50e4978cb3adb820fb540aefd766d745388d60f"}
,"D:\\4th Year\\Testing\\SerbisYouProvider\\components\\BookingNotFound.js": {"path":"D:\\4th Year\\Testing\\SerbisYouProvider\\components\\BookingNotFound.js","statementMap":{"0":{"start":{"line":7,"column":25},"end":{"line":53,"column":1}},"1":{"start":{"line":8,"column":21},"end":{"line":8,"column":36}},"2":{"start":{"line":10,"column":24},"end":{"line":12,"column":3}},"3":{"start":{"line":11,"column":4},"end":{"line":11,"column":36}},"4":{"start":{"line":14,"column":2},"end":{"line":52,"column":4}},"5":{"start":{"line":55,"column":15},"end":{"line":126,"column":2}}},"fnMap":{"0":{"name":"(anonymous_0)","decl":{"start":{"line":7,"column":25},"end":{"line":7,"column":26}},"loc":{"start":{"line":7,"column":42},"end":{"line":53,"column":1}},"line":7},"1":{"name":"(anonymous_1)","decl":{"start":{"line":10,"column":24},"end":{"line":10,"column":25}},"loc":{"start":{"line":10,"column":30},"end":{"line":12,"column":3}},"line":10}},"branchMap":{},"s":{"0":1,"1":0,"2":0,"3":0,"4":0,"5":1},"f":{"0":0,"1":0},"b":{},"_coverageSchema":"1a1c01bbd47fc00a2c39e90264f33305004495a9","hash":"4421a56af881965fb705213ca1d8194d1369ded8"}
,"D:\\4th Year\\Testing\\SerbisYouProvider\\components\\CancelBookingPrompt.js": {"path":"D:\\4th Year\\Testing\\SerbisYouProvider\\components\\CancelBookingPrompt.js","statementMap":{"0":{"start":{"line":8,"column":28},"end":{"line":65,"column":1}},"1":{"start":{"line":9,"column":21},"end":{"line":9,"column":36}},"2":{"start":{"line":10,"column":44},"end":{"line":10,"column":59}},"3":{"start":{"line":12,"column":21},"end":{"line":18,"column":8}},"4":{"start":{"line":13,"column":4},"end":{"line":13,"column":27}},"5":{"start":{"line":15,"column":4},"end":{"line":15,"column":17}},"6":{"start":{"line":17,"column":4},"end":{"line":17,"column":66}},"7":{"start":{"line":20,"column":22},"end":{"line":22,"column":3}},"8":{"start":{"line":21,"column":4},"end":{"line":21,"column":28}},"9":{"start":{"line":24,"column":2},"end":{"line":64,"column":4}},"10":{"start":{"line":67,"column":15},"end":{"line":155,"column":2}}},"fnMap":{"0":{"name":"(anonymous_0)","decl":{"start":{"line":8,"column":28},"end":{"line":8,"column":29}},"loc":{"start":{"line":8,"column":57},"end":{"line":65,"column":1}},"line":8},"1":{"name":"(anonymous_1)","decl":{"start":{"line":12,"column":33},"end":{"line":12,"column":34}},"loc":{"start":{"line":12,"column":39},"end":{"line":18,"column":3}},"line":12},"2":{"name":"(anonymous_2)","decl":{"start":{"line":20,"column":22},"end":{"line":20,"column":23}},"loc":{"start":{"line":20,"column":28},"end":{"line":22,"column":3}},"line":20}},"branchMap":{},"s":{"0":1,"1":0,"2":0,"3":0,"4":0,"5":0,"6":0,"7":0,"8":0,"9":0,"10":1},"f":{"0":0,"1":0,"2":0},"b":{},"_coverageSchema":"1a1c01bbd47fc00a2c39e90264f33305004495a9","hash":"22939f1793c38c8b2777cccf6581aeccc133eaa4"}
,"D:\\4th Year\\Testing\\SerbisYouProvider\\components\\CountDownBooking.js": {"path":"D:\\4th Year\\Testing\\SerbisYouProvider\\components\\CountDownBooking.js","statementMap":{"0":{"start":{"line":7,"column":25},"end":{"line":49,"column":1}},"1":{"start":{"line":8,"column":21},"end":{"line":8,"column":36}},"2":{"start":{"line":10,"column":2},"end":{"line":48,"column":4}},"3":{"start":{"line":51,"column":15},"end":{"line":122,"column":2}}},"fnMap":{"0":{"name":"(anonymous_0)","decl":{"start":{"line":7,"column":25},"end":{"line":7,"column":26}},"loc":{"start":{"line":7,"column":42},"end":{"line":49,"column":1}},"line":7}},"branchMap":{},"s":{"0":1,"1":0,"2":0,"3":1},"f":{"0":0},"b":{},"_coverageSchema":"1a1c01bbd47fc00a2c39e90264f33305004495a9","hash":"a230f1e22cc37139551bf530fa90f1ac71acf014"}
,"D:\\4th Year\\Testing\\SerbisYouProvider\\components\\FAQsFrame.js": {"path":"D:\\4th Year\\Testing\\SerbisYouProvider\\components\\FAQsFrame.js","statementMap":{"0":{"start":{"line":19,"column":18},"end":{"line":667,"column":1}},"1":{"start":{"line":20,"column":31},"end":{"line":20,"column":68}},"2":{"start":{"line":21,"column":31},"end":{"line":21,"column":68}},"3":{"start":{"line":22,"column":31},"end":{"line":22,"column":68}},"4":{"start":{"line":23,"column":31},"end":{"line":23,"column":68}},"5":{"start":{"line":25,"column":34},"end":{"line":25,"column":46}},"6":{"start":{"line":26,"column":36},"end":{"line":26,"column":51}},"7":{"start":{"line":28,"column":32},"end":{"line":49,"column":4}},"8":{"start":{"line":50,"column":32},"end":{"line":71,"column":4}},"9":{"start":{"line":72,"column":32},"end":{"line":93,"column":4}},"10":{"start":{"line":94,"column":32},"end":{"line":115,"column":4}},"11":{"start":{"line":117,"column":36},"end":{"line":119,"column":3}},"12":{"start":{"line":120,"column":36},"end":{"line":122,"column":3}},"13":{"start":{"line":123,"column":36},"end":{"line":125,"column":3}},"14":{"start":{"line":126,"column":36},"end":{"line":128,"column":3}},"15":{"start":{"line":130,"column":36},"end":{"line":150,"column":3}},"16":{"start":{"line":132,"column":4},"end":{"line":134,"column":5}},"17":{"start":{"line":133,"column":6},"end":{"line":133,"column":25}},"18":{"start":{"line":152,"column":31},"end":{"line":152,"column":71}},"19":{"start":{"line":152,"column":49},"end":{"line":152,"column":70}},"20":{"start":{"line":165,"column":26},"end":{"line":178,"column":3}},"21":{"start":{"line":166,"column":19},"end":{"line":170,"column":5}},"22":{"start":{"line":171,"column":4},"end":{"line":171,"column":58}},"23":{"start":{"line":172,"column":4},"end":{"line":172,"column":38}},"24":{"start":{"line":173,"column":4},"end":{"line":173,"column":51}},"25":{"start":{"line":175,"column":24},"end":{"line":175,"column":38}},"26":{"start":{"line":176,"column":4},"end":{"line":176,"column":43}},"27":{"start":{"line":177,"column":4},"end":{"line":177,"column":30}},"28":{"start":{"line":179,"column":26},"end":{"line":192,"column":3}},"29":{"start":{"line":180,"column":19},"end":{"line":184,"column":5}},"30":{"start":{"line":185,"column":4},"end":{"line":185,"column":58}},"31":{"start":{"line":186,"column":4},"end":{"line":186,"column":38}},"32":{"start":{"line":187,"column":4},"end":{"line":187,"column":51}},"33":{"start":{"line":189,"column":24},"end":{"line":189,"column":38}},"34":{"start":{"line":190,"column":4},"end":{"line":190,"column":43}},"35":{"start":{"line":191,"column":4},"end":{"line":191,"column":30}},"36":{"start":{"line":193,"column":26},"end":{"line":206,"column":3}},"37":{"start":{"line":194,"column":19},"end":{"line":198,"column":5}},"38":{"start":{"line":199,"column":4},"end":{"line":199,"column":58}},"39":{"start":{"line":200,"column":4},"end":{"line":200,"column":38}},"40":{"start":{"line":201,"column":4},"end":{"line":201,"column":51}},"41":{"start":{"line":203,"column":24},"end":{"line":203,"column":38}},"42":{"start":{"line":204,"column":4},"end":{"line":204,"column":43}},"43":{"start":{"line":205,"column":4},"end":{"line":205,"column":30}},"44":{"start":{"line":207,"column":26},"end":{"line":220,"column":3}},"45":{"start":{"line":208,"column":19},"end":{"line":212,"column":5}},"46":{"start":{"line":213,"column":4},"end":{"line":213,"column":58}},"47":{"start":{"line":214,"column":4},"end":{"line":214,"column":38}},"48":{"start":{"line":215,"column":4},"end":{"line":215,"column":51}},"49":{"start":{"line":217,"column":24},"end":{"line":217,"column":38}},"50":{"start":{"line":218,"column":4},"end":{"line":218,"column":43}},"51":{"start":{"line":219,"column":4},"end":{"line":219,"column":30}},"52":{"start":{"line":222,"column":2},"end":{"line":666,"column":4}},"53":{"start":{"line":234,"column":27},"end":{"line":234,"column":75}},"54":{"start":{"line":255,"column":27},"end":{"line":255,"column":75}},"55":{"start":{"line":276,"column":27},"end":{"line":276,"column":75}},"56":{"start":{"line":297,"column":27},"end":{"line":297,"column":75}},"57":{"start":{"line":351,"column":12},"end":{"line":422,"column":14}},"58":{"start":{"line":365,"column":37},"end":{"line":365,"column":59}},"59":{"start":{"line":431,"column":12},"end":{"line":502,"column":14}},"60":{"start":{"line":445,"column":37},"end":{"line":445,"column":59}},"61":{"start":{"line":511,"column":12},"end":{"line":582,"column":14}},"62":{"start":{"line":525,"column":37},"end":{"line":525,"column":59}},"63":{"start":{"line":591,"column":12},"end":{"line":662,"column":14}},"64":{"start":{"line":605,"column":37},"end":{"line":605,"column":59}},"65":{"start":{"line":669,"column":15},"end":{"line":903,"column":2}}},"fnMap":{"0":{"name":"(anonymous_0)","decl":{"start":{"line":19,"column":18},"end":{"line":19,"column":19}},"loc":{"start":{"line":19,"column":33},"end":{"line":667,"column":1}},"line":19},"1":{"name":"(anonymous_1)","decl":{"start":{"line":130,"column":36},"end":{"line":130,"column":37}},"loc":{"start":{"line":130,"column":57},"end":{"line":150,"column":3}},"line":130},"2":{"name":"(anonymous_2)","decl":{"start":{"line":152,"column":43},"end":{"line":152,"column":44}},"loc":{"start":{"line":152,"column":49},"end":{"line":152,"column":70}},"line":152},"3":{"name":"(anonymous_3)","decl":{"start":{"line":165,"column":26},"end":{"line":165,"column":27}},"loc":{"start":{"line":165,"column":37},"end":{"line":178,"column":3}},"line":165},"4":{"name":"(anonymous_4)","decl":{"start":{"line":179,"column":26},"end":{"line":179,"column":27}},"loc":{"start":{"line":179,"column":37},"end":{"line":192,"column":3}},"line":179},"5":{"name":"(anonymous_5)","decl":{"start":{"line":193,"column":26},"end":{"line":193,"column":27}},"loc":{"start":{"line":193,"column":37},"end":{"line":206,"column":3}},"line":193},"6":{"name":"(anonymous_6)","decl":{"start":{"line":207,"column":26},"end":{"line":207,"column":27}},"loc":{"start":{"line":207,"column":37},"end":{"line":220,"column":3}},"line":207},"7":{"name":"(anonymous_7)","decl":{"start":{"line":234,"column":21},"end":{"line":234,"column":22}},"loc":{"start":{"line":234,"column":27},"end":{"line":234,"column":75}},"line":234},"8":{"name":"(anonymous_8)","decl":{"start":{"line":255,"column":21},"end":{"line":255,"column":22}},"loc":{"start":{"line":255,"column":27},"end":{"line":255,"column":75}},"line":255},"9":{"name":"(anonymous_9)","decl":{"start":{"line":276,"column":21},"end":{"line":276,"column":22}},"loc":{"start":{"line":276,"column":27},"end":{"line":276,"column":75}},"line":276},"10":{"name":"(anonymous_10)","decl":{"start":{"line":297,"column":21},"end":{"line":297,"column":22}},"loc":{"start":{"line":297,"column":27},"end":{"line":297,"column":75}},"line":297},"11":{"name":"(anonymous_11)","decl":{"start":{"line":345,"column":22},"end":{"line":345,"column":23}},"loc":{"start":{"line":345,"column":39},"end":{"line":423,"column":11}},"line":345},"12":{"name":"(anonymous_12)","decl":{"start":{"line":365,"column":31},"end":{"line":365,"column":32}},"loc":{"start":{"line":365,"column":37},"end":{"line":365,"column":59}},"line":365},"13":{"name":"(anonymous_13)","decl":{"start":{"line":425,"column":22},"end":{"line":425,"column":23}},"loc":{"start":{"line":425,"column":39},"end":{"line":503,"column":11}},"line":425},"14":{"name":"(anonymous_14)","decl":{"start":{"line":445,"column":31},"end":{"line":445,"column":32}},"loc":{"start":{"line":445,"column":37},"end":{"line":445,"column":59}},"line":445},"15":{"name":"(anonymous_15)","decl":{"start":{"line":505,"column":22},"end":{"line":505,"column":23}},"loc":{"start":{"line":505,"column":39},"end":{"line":583,"column":11}},"line":505},"16":{"name":"(anonymous_16)","decl":{"start":{"line":525,"column":31},"end":{"line":525,"column":32}},"loc":{"start":{"line":525,"column":37},"end":{"line":525,"column":59}},"line":525},"17":{"name":"(anonymous_17)","decl":{"start":{"line":585,"column":22},"end":{"line":585,"column":23}},"loc":{"start":{"line":585,"column":39},"end":{"line":663,"column":11}},"line":585},"18":{"name":"(anonymous_18)","decl":{"start":{"line":605,"column":31},"end":{"line":605,"column":32}},"loc":{"start":{"line":605,"column":37},"end":{"line":605,"column":59}},"line":605}},"branchMap":{"0":{"loc":{"start":{"line":132,"column":4},"end":{"line":134,"column":5}},"type":"if","locations":[{"start":{"line":132,"column":4},"end":{"line":134,"column":5}},{"start":{},"end":{}}],"line":132},"1":{"loc":{"start":{"line":168,"column":15},"end":{"line":168,"column":39}},"type":"cond-expr","locations":[{"start":{"line":168,"column":34},"end":{"line":168,"column":35}},{"start":{"line":168,"column":38},"end":{"line":168,"column":39}}],"line":168},"2":{"loc":{"start":{"line":182,"column":15},"end":{"line":182,"column":39}},"type":"cond-expr","locations":[{"start":{"line":182,"column":34},"end":{"line":182,"column":35}},{"start":{"line":182,"column":38},"end":{"line":182,"column":39}}],"line":182},"3":{"loc":{"start":{"line":196,"column":15},"end":{"line":196,"column":39}},"type":"cond-expr","locations":[{"start":{"line":196,"column":34},"end":{"line":196,"column":35}},{"start":{"line":196,"column":38},"end":{"line":196,"column":39}}],"line":196},"4":{"loc":{"start":{"line":210,"column":15},"end":{"line":210,"column":39}},"type":"cond-expr","locations":[{"start":{"line":210,"column":34},"end":{"line":210,"column":35}},{"start":{"line":210,"column":38},"end":{"line":210,"column":39}}],"line":210},"5":{"loc":{"start":{"line":238,"column":16},"end":{"line":240,"column":55}},"type":"cond-expr","locations":[{"start":{"line":239,"column":20},"end":{"line":239,"column":54}},{"start":{"line":240,"column":20},"end":{"line":240,"column":55}}],"line":238},"6":{"loc":{"start":{"line":245,"column":18},"end":{"line":247,"column":58}},"type":"cond-expr","locations":[{"start":{"line":246,"column":22},"end":{"line":246,"column":58}},{"start":{"line":247,"column":22},"end":{"line":247,"column":58}}],"line":245},"7":{"loc":{"start":{"line":259,"column":16},"end":{"line":261,"column":55}},"type":"cond-expr","locations":[{"start":{"line":260,"column":20},"end":{"line":260,"column":54}},{"start":{"line":261,"column":20},"end":{"line":261,"column":55}}],"line":259},"8":{"loc":{"start":{"line":266,"column":18},"end":{"line":268,"column":58}},"type":"cond-expr","locations":[{"start":{"line":267,"column":22},"end":{"line":267,"column":58}},{"start":{"line":268,"column":22},"end":{"line":268,"column":58}}],"line":266},"9":{"loc":{"start":{"line":280,"column":16},"end":{"line":282,"column":55}},"type":"cond-expr","locations":[{"start":{"line":281,"column":20},"end":{"line":281,"column":54}},{"start":{"line":282,"column":20},"end":{"line":282,"column":55}}],"line":280},"10":{"loc":{"start":{"line":287,"column":18},"end":{"line":289,"column":58}},"type":"cond-expr","locations":[{"start":{"line":288,"column":22},"end":{"line":288,"column":58}},{"start":{"line":289,"column":22},"end":{"line":289,"column":58}}],"line":287},"11":{"loc":{"start":{"line":301,"column":16},"end":{"line":303,"column":55}},"type":"cond-expr","locations":[{"start":{"line":302,"column":20},"end":{"line":302,"column":54}},{"start":{"line":303,"column":20},"end":{"line":303,"column":55}}],"line":301},"12":{"loc":{"start":{"line":308,"column":18},"end":{"line":310,"column":58}},"type":"cond-expr","locations":[{"start":{"line":309,"column":22},"end":{"line":309,"column":58}},{"start":{"line":310,"column":22},"end":{"line":310,"column":58}}],"line":308},"13":{"loc":{"start":{"line":344,"column":9},"end":{"line":423,"column":12}},"type":"binary-expr","locations":[{"start":{"line":344,"column":9},"end":{"line":344,"column":31}},{"start":{"line":345,"column":10},"end":{"line":423,"column":12}}],"line":344},"14":{"loc":{"start":{"line":388,"column":42},"end":{"line":388,"column":78}},"type":"cond-expr","locations":[{"start":{"line":388,"column":61},"end":{"line":388,"column":69}},{"start":{"line":388,"column":72},"end":{"line":388,"column":78}}],"line":388},"15":{"loc":{"start":{"line":399,"column":19},"end":{"line":419,"column":19}},"type":"binary-expr","locations":[{"start":{"line":399,"column":19},"end":{"line":399,"column":35}},{"start":{"line":400,"column":20},"end":{"line":418,"column":27}}],"line":399},"16":{"loc":{"start":{"line":424,"column":9},"end":{"line":503,"column":12}},"type":"binary-expr","locations":[{"start":{"line":424,"column":9},"end":{"line":424,"column":31}},{"start":{"line":425,"column":10},"end":{"line":503,"column":12}}],"line":424},"17":{"loc":{"start":{"line":468,"column":42},"end":{"line":468,"column":78}},"type":"cond-expr","locations":[{"start":{"line":468,"column":61},"end":{"line":468,"column":69}},{"start":{"line":468,"column":72},"end":{"line":468,"column":78}}],"line":468},"18":{"loc":{"start":{"line":479,"column":19},"end":{"line":499,"column":19}},"type":"binary-expr","locations":[{"start":{"line":479,"column":19},"end":{"line":479,"column":35}},{"start":{"line":480,"column":20},"end":{"line":498,"column":27}}],"line":479},"19":{"loc":{"start":{"line":504,"column":11},"end":{"line":583,"column":12}},"type":"binary-expr","locations":[{"start":{"line":504,"column":11},"end":{"line":504,"column":33}},{"start":{"line":505,"column":10},"end":{"line":583,"column":12}}],"line":504},"20":{"loc":{"start":{"line":548,"column":42},"end":{"line":548,"column":78}},"type":"cond-expr","locations":[{"start":{"line":548,"column":61},"end":{"line":548,"column":69}},{"start":{"line":548,"column":72},"end":{"line":548,"column":78}}],"line":548},"21":{"loc":{"start":{"line":559,"column":19},"end":{"line":579,"column":19}},"type":"binary-expr","locations":[{"start":{"line":559,"column":19},"end":{"line":559,"column":35}},{"start":{"line":560,"column":20},"end":{"line":578,"column":27}}],"line":559},"22":{"loc":{"start":{"line":584,"column":11},"end":{"line":663,"column":12}},"type":"binary-expr","locations":[{"start":{"line":584,"column":11},"end":{"line":584,"column":33}},{"start":{"line":585,"column":10},"end":{"line":663,"column":12}}],"line":584},"23":{"loc":{"start":{"line":628,"column":42},"end":{"line":628,"column":78}},"type":"cond-expr","locations":[{"start":{"line":628,"column":61},"end":{"line":628,"column":69}},{"start":{"line":628,"column":72},"end":{"line":628,"column":78}}],"line":628},"24":{"loc":{"start":{"line":639,"column":19},"end":{"line":659,"column":19}},"type":"binary-expr","locations":[{"start":{"line":639,"column":19},"end":{"line":639,"column":35}},{"start":{"line":640,"column":20},"end":{"line":658,"column":27}}],"line":639}},"s":{"0":1,"1":0,"2":0,"3":0,"4":0,"5":0,"6":0,"7":0,"8":0,"9":0,"10":0,"11":0,"12":0,"13":0,"14":0,"15":0,"16":0,"17":0,"18":0,"19":0,"20":0,"21":0,"22":0,"23":0,"24":0,"25":0,"26":0,"27":0,"28":0,"29":0,"30":0,"31":0,"32":0,"33":0,"34":0,"35":0,"36":0,"37":0,"38":0,"39":0,"40":0,"41":0,"42":0,"43":0,"44":0,"45":0,"46":0,"47":0,"48":0,"49":0,"50":0,"51":0,"52":0,"53":0,"54":0,"55":0,"56":0,"57":0,"58":0,"59":0,"60":0,"61":0,"62":0,"63":0,"64":0,"65":1},"f":{"0":0,"1":0,"2":0,"3":0,"4":0,"5":0,"6":0,"7":0,"8":0,"9":0,"10":0,"11":0,"12":0,"13":0,"14":0,"15":0,"16":0,"17":0,"18":0},"b":{"0":[0,0],"1":[0,0],"2":[0,0],"3":[0,0],"4":[0,0],"5":[0,0],"6":[0,0],"7":[0,0],"8":[0,0],"9":[0,0],"10":[0,0],"11":[0,0],"12":[0,0],"13":[0,0],"14":[0,0],"15":[0,0],"16":[0,0],"17":[0,0],"18":[0,0],"19":[0,0],"20":[0,0],"21":[0,0],"22":[0,0],"23":[0,0],"24":[0,0]},"_coverageSchema":"1a1c01bbd47fc00a2c39e90264f33305004495a9","hash":"16136eac158d0ef01041f0a4de9c0173f04d88ea"}
,"D:\\4th Year\\Testing\\SerbisYouProvider\\components\\HistoryBookingCard.js": {"path":"D:\\4th Year\\Testing\\SerbisYouProvider\\components\\HistoryBookingCard.js","statementMap":{"0":{"start":{"line":26,"column":23},"end":{"line":35,"column":1}},"1":{"start":{"line":27,"column":2},"end":{"line":34,"column":3}},"2":{"start":{"line":29,"column":6},"end":{"line":29,"column":45}},"3":{"start":{"line":31,"column":6},"end":{"line":31,"column":44}},"4":{"start":{"line":33,"column":6},"end":{"line":33,"column":34}},"5":{"start":{"line":38,"column":31},"end":{"line":47,"column":1}},"6":{"start":{"line":39,"column":2},"end":{"line":46,"column":3}},"7":{"start":{"line":41,"column":6},"end":{"line":41,"column":30}},"8":{"start":{"line":43,"column":6},"end":{"line":43,"column":30}},"9":{"start":{"line":45,"column":6},"end":{"line":45,"column":16}},"10":{"start":{"line":49,"column":22},"end":{"line":58,"column":1}},"11":{"start":{"line":50,"column":2},"end":{"line":57,"column":3}},"12":{"start":{"line":52,"column":6},"end":{"line":52,"column":25}},"13":{"start":{"line":54,"column":6},"end":{"line":54,"column":25}},"14":{"start":{"line":56,"column":6},"end":{"line":56,"column":22}},"15":{"start":{"line":60,"column":29},"end":{"line":77,"column":1}},"16":{"start":{"line":61,"column":2},"end":{"line":76,"column":3}},"17":{"start":{"line":63,"column":6},"end":{"line":63,"column":21}},"18":{"start":{"line":65,"column":6},"end":{"line":65,"column":20}},"19":{"start":{"line":67,"column":6},"end":{"line":67,"column":23}},"20":{"start":{"line":69,"column":6},"end":{"line":69,"column":22}},"21":{"start":{"line":71,"column":6},"end":{"line":71,"column":19}},"22":{"start":{"line":73,"column":6},"end":{"line":73,"column":19}},"23":{"start":{"line":75,"column":6},"end":{"line":75,"column":22}},"24":{"start":{"line":79,"column":27},"end":{"line":257,"column":1}},"25":{"start":{"line":90,"column":21},"end":{"line":90,"column":36}},"26":{"start":{"line":91,"column":22},"end":{"line":91,"column":44}},"27":{"start":{"line":92,"column":30},"end":{"line":92,"column":60}},"28":{"start":{"line":94,"column":23},"end":{"line":121,"column":3}},"29":{"start":{"line":95,"column":4},"end":{"line":120,"column":22}},"30":{"start":{"line":96,"column":17},"end":{"line":96,"column":31}},"31":{"start":{"line":97,"column":19},"end":{"line":97,"column":28}},"32":{"start":{"line":98,"column":26},"end":{"line":98,"column":46}},"33":{"start":{"line":100,"column":32},"end":{"line":106,"column":7}},"34":{"start":{"line":108,"column":26},"end":{"line":108,"column":57}},"35":{"start":{"line":110,"column":6},"end":{"line":119,"column":7}},"36":{"start":{"line":111,"column":24},"end":{"line":111,"column":42}},"37":{"start":{"line":112,"column":8},"end":{"line":112,"column":46}},"38":{"start":{"line":114,"column":8},"end":{"line":114,"column":48}},"39":{"start":{"line":118,"column":8},"end":{"line":118,"column":40}},"40":{"start":{"line":123,"column":2},"end":{"line":123,"column":24}},"41":{"start":{"line":125,"column":2},"end":{"line":256,"column":4}},"42":{"start":{"line":127,"column":59},"end":{"line":127,"column":75}},"43":{"start":{"line":163,"column":33},"end":{"line":163,"column":70}},"44":{"start":{"line":258,"column":15},"end":{"line":753,"column":2}}},"fnMap":{"0":{"name":"(anonymous_0)","decl":{"start":{"line":26,"column":23},"end":{"line":26,"column":24}},"loc":{"start":{"line":26,"column":35},"end":{"line":35,"column":1}},"line":26},"1":{"name":"(anonymous_1)","decl":{"start":{"line":38,"column":31},"end":{"line":38,"column":32}},"loc":{"start":{"line":38,"column":43},"end":{"line":47,"column":1}},"line":38},"2":{"name":"(anonymous_2)","decl":{"start":{"line":49,"column":22},"end":{"line":49,"column":23}},"loc":{"start":{"line":49,"column":34},"end":{"line":58,"column":1}},"line":49},"3":{"name":"(anonymous_3)","decl":{"start":{"line":60,"column":29},"end":{"line":60,"column":30}},"loc":{"start":{"line":60,"column":48},"end":{"line":77,"column":1}},"line":60},"4":{"name":"(anonymous_4)","decl":{"start":{"line":79,"column":27},"end":{"line":79,"column":28}},"loc":{"start":{"line":89,"column":6},"end":{"line":257,"column":1}},"line":89},"5":{"name":"(anonymous_5)","decl":{"start":{"line":94,"column":23},"end":{"line":94,"column":24}},"loc":{"start":{"line":94,"column":37},"end":{"line":121,"column":3}},"line":94},"6":{"name":"(anonymous_6)","decl":{"start":{"line":127,"column":53},"end":{"line":127,"column":54}},"loc":{"start":{"line":127,"column":59},"end":{"line":127,"column":75}},"line":127},"7":{"name":"(anonymous_7)","decl":{"start":{"line":163,"column":27},"end":{"line":163,"column":28}},"loc":{"start":{"line":163,"column":33},"end":{"line":163,"column":70}},"line":163}},"branchMap":{"0":{"loc":{"start":{"line":27,"column":2},"end":{"line":34,"column":3}},"type":"switch","locations":[{"start":{"line":28,"column":4},"end":{"line":29,"column":45}},{"start":{"line":30,"column":4},"end":{"line":31,"column":44}},{"start":{"line":32,"column":4},"end":{"line":33,"column":34}}],"line":27},"1":{"loc":{"start":{"line":39,"column":2},"end":{"line":46,"column":3}},"type":"switch","locations":[{"start":{"line":40,"column":4},"end":{"line":41,"column":30}},{"start":{"line":42,"column":4},"end":{"line":43,"column":30}},{"start":{"line":44,"column":4},"end":{"line":45,"column":16}}],"line":39},"2":{"loc":{"start":{"line":50,"column":2},"end":{"line":57,"column":3}},"type":"switch","locations":[{"start":{"line":51,"column":4},"end":{"line":52,"column":25}},{"start":{"line":53,"column":4},"end":{"line":54,"column":25}},{"start":{"line":55,"column":4},"end":{"line":56,"column":22}}],"line":50},"3":{"loc":{"start":{"line":61,"column":2},"end":{"line":76,"column":3}},"type":"switch","locations":[{"start":{"line":62,"column":4},"end":{"line":63,"column":21}},{"start":{"line":64,"column":4},"end":{"line":65,"column":20}},{"start":{"line":66,"column":4},"end":{"line":67,"column":23}},{"start":{"line":68,"column":4},"end":{"line":69,"column":22}},{"start":{"line":70,"column":4},"end":{"line":71,"column":19}},{"start":{"line":72,"column":4},"end":{"line":73,"column":19}},{"start":{"line":74,"column":4},"end":{"line":75,"column":22}}],"line":61},"4":{"loc":{"start":{"line":110,"column":6},"end":{"line":119,"column":7}},"type":"if","locations":[{"start":{"line":110,"column":6},"end":{"line":119,"column":7}},{"start":{"line":117,"column":13},"end":{"line":119,"column":7}}],"line":110}},"s":{"0":1,"1":0,"2":0,"3":0,"4":0,"5":1,"6":0,"7":0,"8":0,"9":0,"10":1,"11":0,"12":0,"13":0,"14":0,"15":1,"16":0,"17":0,"18":0,"19":0,"20":0,"21":0,"22":0,"23":0,"24":1,"25":0,"26":0,"27":0,"28":0,"29":0,"30":0,"31":0,"32":0,"33":0,"34":0,"35":0,"36":0,"37":0,"38":0,"39":0,"40":0,"41":0,"42":0,"43":0,"44":1},"f":{"0":0,"1":0,"2":0,"3":0,"4":0,"5":0,"6":0,"7":0},"b":{"0":[0,0,0],"1":[0,0,0],"2":[0,0,0],"3":[0,0,0,0,0,0,0],"4":[0,0]},"_coverageSchema":"1a1c01bbd47fc00a2c39e90264f33305004495a9","hash":"244e5681b2075fe05e5835cc5e600f81994257c6"}
,"D:\\4th Year\\Testing\\SerbisYouProvider\\components\\HistoryBookings.js": {"path":"D:\\4th Year\\Testing\\SerbisYouProvider\\components\\HistoryBookings.js","statementMap":{"0":{"start":{"line":31,"column":24},"end":{"line":407,"column":1}},"1":{"start":{"line":32,"column":21},"end":{"line":32,"column":36}},"2":{"start":{"line":33,"column":48},"end":{"line":33,"column":60}},"3":{"start":{"line":35,"column":42},"end":{"line":35,"column":60}},"4":{"start":{"line":36,"column":44},"end":{"line":36,"column":85}},"5":{"start":{"line":37,"column":52},"end":{"line":37,"column":64}},"6":{"start":{"line":38,"column":40},"end":{"line":38,"column":52}},"7":{"start":{"line":39,"column":42},"end":{"line":39,"column":60}},"8":{"start":{"line":40,"column":56},"end":{"line":40,"column":68}},"9":{"start":{"line":42,"column":2},"end":{"line":46,"column":21}},"10":{"start":{"line":45,"column":4},"end":{"line":45,"column":58}},"11":{"start":{"line":48,"column":2},"end":{"line":116,"column":21}},"12":{"start":{"line":49,"column":28},"end":{"line":114,"column":7}},"13":{"start":{"line":50,"column":17},"end":{"line":50,"column":31}},"14":{"start":{"line":51,"column":19},"end":{"line":51,"column":28}},"15":{"start":{"line":52,"column":22},"end":{"line":52,"column":43}},"16":{"start":{"line":53,"column":6},"end":{"line":53,"column":27}},"17":{"start":{"line":53,"column":20},"end":{"line":53,"column":27}},"18":{"start":{"line":55,"column":33},"end":{"line":55,"column":35}},"19":{"start":{"line":56,"column":27},"end":{"line":56,"column":29}},"20":{"start":{"line":57,"column":22},"end":{"line":57,"column":42}},"21":{"start":{"line":59,"column":6},"end":{"line":110,"column":7}},"22":{"start":{"line":59,"column":19},"end":{"line":59,"column":20}},"23":{"start":{"line":60,"column":19},"end":{"line":60,"column":51}},"24":{"start":{"line":61,"column":28},"end":{"line":61,"column":55}},"25":{"start":{"line":63,"column":19},"end":{"line":63,"column":21}},"26":{"start":{"line":64,"column":20},"end":{"line":64,"column":22}},"27":{"start":{"line":66,"column":18},"end":{"line":69,"column":9}},"28":{"start":{"line":71,"column":30},"end":{"line":71,"column":46}},"29":{"start":{"line":72,"column":27},"end":{"line":72,"column":32}},"30":{"start":{"line":73,"column":27},"end":{"line":73,"column":32}},"31":{"start":{"line":75,"column":8},"end":{"line":83,"column":11}},"32":{"start":{"line":76,"column":26},"end":{"line":76,"column":36}},"33":{"start":{"line":77,"column":10},"end":{"line":79,"column":11}},"34":{"start":{"line":78,"column":12},"end":{"line":78,"column":32}},"35":{"start":{"line":80,"column":10},"end":{"line":82,"column":11}},"36":{"start":{"line":81,"column":12},"end":{"line":81,"column":32}},"37":{"start":{"line":85,"column":8},"end":{"line":104,"column":9}},"38":{"start":{"line":86,"column":10},"end":{"line":88,"column":13}},"39":{"start":{"line":89,"column":10},"end":{"line":91,"column":13}},"40":{"start":{"line":93,"column":13},"end":{"line":104,"column":9}},"41":{"start":{"line":94,"column":10},"end":{"line":97,"column":13}},"42":{"start":{"line":99,"column":13},"end":{"line":104,"column":9}},"43":{"start":{"line":100,"column":10},"end":{"line":103,"column":13}},"44":{"start":{"line":106,"column":8},"end":{"line":109,"column":11}},"45":{"start":{"line":112,"column":6},"end":{"line":112,"column":49}},"46":{"start":{"line":113,"column":6},"end":{"line":113,"column":37}},"47":{"start":{"line":115,"column":4},"end":{"line":115,"column":22}},"48":{"start":{"line":119,"column":29},"end":{"line":122,"column":3}},"49":{"start":{"line":121,"column":4},"end":{"line":121,"column":40}},"50":{"start":{"line":124,"column":25},"end":{"line":131,"column":3}},"51":{"start":{"line":125,"column":4},"end":{"line":125,"column":26}},"52":{"start":{"line":126,"column":4},"end":{"line":126,"column":50}},"53":{"start":{"line":130,"column":4},"end":{"line":130,"column":50}},"54":{"start":{"line":133,"column":34},"end":{"line":137,"column":3}},"55":{"start":{"line":134,"column":28},"end":{"line":134,"column":63}},"56":{"start":{"line":135,"column":4},"end":{"line":135,"column":37}},"57":{"start":{"line":136,"column":4},"end":{"line":136,"column":61}},"58":{"start":{"line":139,"column":34},"end":{"line":143,"column":3}},"59":{"start":{"line":140,"column":28},"end":{"line":140,"column":68}},"60":{"start":{"line":141,"column":4},"end":{"line":141,"column":37}},"61":{"start":{"line":142,"column":4},"end":{"line":142,"column":61}},"62":{"start":{"line":147,"column":4},"end":{"line":153,"column":23}},"63":{"start":{"line":158,"column":4},"end":{"line":165,"column":23}},"64":{"start":{"line":198,"column":4},"end":{"line":236,"column":23}},"65":{"start":{"line":200,"column":34},"end":{"line":229,"column":7}},"66":{"start":{"line":201,"column":19},"end":{"line":201,"column":33}},"67":{"start":{"line":202,"column":21},"end":{"line":202,"column":30}},"68":{"start":{"line":203,"column":24},"end":{"line":203,"column":45}},"69":{"start":{"line":204,"column":8},"end":{"line":204,"column":29}},"70":{"start":{"line":204,"column":22},"end":{"line":204,"column":29}},"71":{"start":{"line":206,"column":38},"end":{"line":206,"column":73}},"72":{"start":{"line":208,"column":18},"end":{"line":211,"column":9}},"73":{"start":{"line":213,"column":28},"end":{"line":226,"column":10}},"74":{"start":{"line":214,"column":25},"end":{"line":214,"column":27}},"75":{"start":{"line":215,"column":10},"end":{"line":223,"column":11}},"76":{"start":{"line":216,"column":12},"end":{"line":218,"column":15}},"77":{"start":{"line":217,"column":14},"end":{"line":217,"column":59}},"78":{"start":{"line":219,"column":12},"end":{"line":219,"column":41}},"79":{"start":{"line":221,"column":12},"end":{"line":221,"column":35}},"80":{"start":{"line":222,"column":12},"end":{"line":222,"column":62}},"81":{"start":{"line":225,"column":10},"end":{"line":225,"column":66}},"82":{"start":{"line":228,"column":8},"end":{"line":228,"column":27}},"83":{"start":{"line":232,"column":26},"end":{"line":232,"column":47}},"84":{"start":{"line":235,"column":6},"end":{"line":235,"column":48}},"85":{"start":{"line":235,"column":19},"end":{"line":235,"column":47}},"86":{"start":{"line":266,"column":34},"end":{"line":274,"column":3}},"87":{"start":{"line":268,"column":4},"end":{"line":273,"column":5}},"88":{"start":{"line":269,"column":6},"end":{"line":269,"column":27}},"89":{"start":{"line":272,"column":6},"end":{"line":272,"column":46}},"90":{"start":{"line":286,"column":21},"end":{"line":300,"column":3}},"91":{"start":{"line":287,"column":4},"end":{"line":299,"column":6}},"92":{"start":{"line":302,"column":23},"end":{"line":305,"column":4}},"93":{"start":{"line":306,"column":23},"end":{"line":306,"column":50}},"94":{"start":{"line":307,"column":2},"end":{"line":406,"column":4}},"95":{"start":{"line":381,"column":75},"end":{"line":381,"column":136}},"96":{"start":{"line":402,"column":34},"end":{"line":402,"column":41}},"97":{"start":{"line":409,"column":15},"end":{"line":973,"column":2}}},"fnMap":{"0":{"name":"(anonymous_0)","decl":{"start":{"line":31,"column":24},"end":{"line":31,"column":25}},"loc":{"start":{"line":31,"column":39},"end":{"line":407,"column":1}},"line":31},"1":{"name":"(anonymous_1)","decl":{"start":{"line":42,"column":12},"end":{"line":42,"column":13}},"loc":{"start":{"line":42,"column":18},"end":{"line":46,"column":3}},"line":42},"2":{"name":"(anonymous_2)","decl":{"start":{"line":48,"column":12},"end":{"line":48,"column":13}},"loc":{"start":{"line":48,"column":18},"end":{"line":116,"column":3}},"line":48},"3":{"name":"(anonymous_3)","decl":{"start":{"line":49,"column":28},"end":{"line":49,"column":29}},"loc":{"start":{"line":49,"column":40},"end":{"line":114,"column":7}},"line":49},"4":{"name":"(anonymous_4)","decl":{"start":{"line":75,"column":30},"end":{"line":75,"column":31}},"loc":{"start":{"line":75,"column":39},"end":{"line":83,"column":9}},"line":75},"5":{"name":"(anonymous_5)","decl":{"start":{"line":119,"column":29},"end":{"line":119,"column":30}},"loc":{"start":{"line":119,"column":37},"end":{"line":122,"column":3}},"line":119},"6":{"name":"(anonymous_6)","decl":{"start":{"line":124,"column":25},"end":{"line":124,"column":26}},"loc":{"start":{"line":124,"column":33},"end":{"line":131,"column":3}},"line":124},"7":{"name":"(anonymous_7)","decl":{"start":{"line":133,"column":34},"end":{"line":133,"column":35}},"loc":{"start":{"line":133,"column":40},"end":{"line":137,"column":3}},"line":133},"8":{"name":"(anonymous_8)","decl":{"start":{"line":139,"column":34},"end":{"line":139,"column":35}},"loc":{"start":{"line":139,"column":40},"end":{"line":143,"column":3}},"line":139},"9":{"name":"(anonymous_9)","decl":{"start":{"line":198,"column":14},"end":{"line":198,"column":15}},"loc":{"start":{"line":198,"column":20},"end":{"line":236,"column":5}},"line":198},"10":{"name":"(anonymous_10)","decl":{"start":{"line":200,"column":34},"end":{"line":200,"column":35}},"loc":{"start":{"line":200,"column":40},"end":{"line":229,"column":7}},"line":200},"11":{"name":"(anonymous_11)","decl":{"start":{"line":213,"column":42},"end":{"line":213,"column":43}},"loc":{"start":{"line":213,"column":61},"end":{"line":224,"column":9}},"line":213},"12":{"name":"(anonymous_12)","decl":{"start":{"line":216,"column":34},"end":{"line":216,"column":35}},"loc":{"start":{"line":216,"column":43},"end":{"line":218,"column":13}},"line":216},"13":{"name":"(anonymous_13)","decl":{"start":{"line":224,"column":11},"end":{"line":224,"column":12}},"loc":{"start":{"line":224,"column":22},"end":{"line":226,"column":9}},"line":224},"14":{"name":"(anonymous_14)","decl":{"start":{"line":235,"column":13},"end":{"line":235,"column":14}},"loc":{"start":{"line":235,"column":19},"end":{"line":235,"column":47}},"line":235},"15":{"name":"(anonymous_15)","decl":{"start":{"line":266,"column":34},"end":{"line":266,"column":35}},"loc":{"start":{"line":266,"column":44},"end":{"line":274,"column":3}},"line":266},"16":{"name":"(anonymous_16)","decl":{"start":{"line":286,"column":21},"end":{"line":286,"column":22}},"loc":{"start":{"line":286,"column":42},"end":{"line":300,"column":3}},"line":286},"17":{"name":"(anonymous_17)","decl":{"start":{"line":381,"column":70},"end":{"line":381,"column":71}},"loc":{"start":{"line":381,"column":75},"end":{"line":381,"column":136}},"line":381},"18":{"name":"(anonymous_18)","decl":{"start":{"line":402,"column"
[...]
,"D:\\4th Year\\Testing\\SerbisYouProvider\\screens\\SignUp.js": {"path":"D:\\4th Year\\Testing\\SerbisYouProvider\\screens\\SignUp.js","statementMap":{"0":{"start":{"line":29,"column":15},"end":{"line":514,"column":1}},"1":{"start":{"line":30,"column":26},"end":{"line":30,"column":38}},"2":{"start":{"line":31,"column":28},"end":{"line":31,"column":40}},"3":{"start":{"line":32,"column":28},"end":{"line":32,"column":40}},"4":{"start":{"line":33,"column":34},"end":{"line":33,"column":46}},"5":{"start":{"line":34,"column":21},"end":{"line":34,"column":36}},"6":{"start":{"line":36,"column":42},"end":{"line":36,"column":57}},"7":{"start":{"line":38,"column":35},"end":{"line":40,"column":3}},"8":{"start":{"line":42,"column":24},"end":{"line":44,"column":46}},"9":{"start":{"line":46,"column":39},"end":{"line":61,"column":3}},"10":{"start":{"line":48,"column":31},"end":{"line":48,"column":61}},"11":{"start":{"line":51,"column":4},"end":{"line":53,"column":5}},"12":{"start":{"line":56,"column":4},"end":{"line":58,"column":5}},"13":{"start":{"line":57,"column":6},"end":{"line":57,"column":19}},"14":{"start":{"line":63,"column":23},"end":{"line":272,"column":3}},"15":{"start":{"line":64,"column":23},"end":{"line":64,"column":51}},"16":{"start":{"line":66,"column":4},"end":{"line":75,"column":5}},"17":{"start":{"line":67,"column":6},"end":{"line":73,"column":9}},"18":{"start":{"line":74,"column":6},"end":{"line":74,"column":13}},"19":{"start":{"line":76,"column":4},"end":{"line":85,"column":5}},"20":{"start":{"line":77,"column":6},"end":{"line":83,"column":9}},"21":{"start":{"line":84,"column":6},"end":{"line":84,"column":13}},"22":{"start":{"line":274,"column":2},"end":{"line":513,"column":4}},"23":{"start":{"line":298,"column":35},"end":{"line":298,"column":54}},"24":{"start":{"line":331,"column":46},"end":{"line":331,"column":59}},"25":{"start":{"line":344,"column":46},"end":{"line":344,"column":60}},"26":{"start":{"line":389,"column":50},"end":{"line":389,"column":64}},"27":{"start":{"line":432,"column":48},"end":{"line":432,"column":65}},"28":{"start":{"line":473,"column":68},"end":{"line":473,"column":109}},"29":{"start":{"line":481,"column":70},"end":{"line":481,"column":106}},"30":{"start":{"line":499,"column":35},"end":{"line":499,"column":64}},"31":{"start":{"line":516,"column":15},"end":{"line":871,"column":2}}},"fnMap":{"0":{"name":"(anonymous_0)","decl":{"start":{"line":29,"column":15},"end":{"line":29,"column":16}},"loc":{"start":{"line":29,"column":21},"end":{"line":514,"column":1}},"line":29},"1":{"name":"(anonymous_1)","decl":{"start":{"line":38,"column":35},"end":{"line":38,"column":36}},"loc":{"start":{"line":38,"column":41},"end":{"line":40,"column":3}},"line":38},"2":{"name":"(anonymous_2)","decl":{"start":{"line":46,"column":39},"end":{"line":46,"column":40}},"loc":{"start":{"line":46,"column":56},"end":{"line":61,"column":3}},"line":46},"3":{"name":"(anonymous_3)","decl":{"start":{"line":63,"column":23},"end":{"line":63,"column":24}},"loc":{"start":{"line":63,"column":35},"end":{"line":272,"column":3}},"line":63},"4":{"name":"(anonymous_4)","decl":{"start":{"line":298,"column":29},"end":{"line":298,"column":30}},"loc":{"start":{"line":298,"column":35},"end":{"line":298,"column":54}},"line":298},"5":{"name":"(anonymous_5)","decl":{"start":{"line":331,"column":36},"end":{"line":331,"column":37}},"loc":{"start":{"line":331,"column":46},"end":{"line":331,"column":59}},"line":331},"6":{"name":"(anonymous_6)","decl":{"start":{"line":344,"column":36},"end":{"line":344,"column":37}},"loc":{"start":{"line":344,"column":46},"end":{"line":344,"column":60}},"line":344},"7":{"name":"(anonymous_7)","decl":{"start":{"line":389,"column":40},"end":{"line":389,"column":41}},"loc":{"start":{"line":389,"column":50},"end":{"line":389,"column":64}},"line":389},"8":{"name":"(anonymous_8)","decl":{"start":{"line":432,"column":38},"end":{"line":432,"column":39}},"loc":{"start":{"line":432,"column":48},"end":{"line":432,"column":65}},"line":432},"9":{"name":"(anonymous_9)","decl":{"start":{"line":473,"column":62},"end":{"line":473,"column":63}},"loc":{"start":{"line":473,"column":68},"end":{"line":473,"column":109}},"line":473},"10":{"name":"(anonymous_10)","decl":{"start":{"line":481,"column":64},"end":{"line":481,"column":65}},"loc":{"start":{"line":481,"column":70},"end":{"line":481,"column":106}},"line":481},"11":{"name":"(anonymous_11)","decl":{"start":{"line":499,"column":29},"end":{"line":499,"column":30}},"loc":{"start":{"line":499,"column":35},"end":{"line":499,"column":64}},"line":499}},"branchMap":{"0":{"loc":{"start":{"line":42,"column":24},"end":{"line":44,"column":46}},"type":"cond-expr","locations":[{"start":{"line":43,"column":6},"end":{"line":43,"column":40}},{"start":{"line":44,"column":6},"end":{"line":44,"column":46}}],"line":42},"1":{"loc":{"start":{"line":51,"column":4},"end":{"line":53,"column":5}},"type":"if","locations":[{"start":{"line":51,"column":4},"end":{"line":53,"column":5}},{"start":{},"end":{}}],"line":51},"2":{"loc":{"start":{"line":56,"column":4},"end":{"line":58,"column":5}},"type":"if","locations":[{"start":{"line":56,"column":4},"end":{"line":58,"column":5}},{"start":{},"end":{}}],"line":56},"3":{"loc":{"start":{"line":66,"column":4},"end":{"line":75,"column":5}},"type":"if","locations":[{"start":{"line":66,"column":4},"end":{"line":75,"column":5}},{"start":{},"end":{}}],"line":66},"4":{"loc":{"start":{"line":66,"column":8},"end":{"line":66,"column":70}},"type":"binary-expr","locations":[{"start":{"line":66,"column":8},"end":{"line":66,"column":19}},{"start":{"line":66,"column":23},"end":{"line":66,"column":35}},{"start":{"line":66,"column":39},"end":{"line":66,"column":54}},{"start":{"line":66,"column":58},"end":{"line":66,"column":70}}],"line":66},"5":{"loc":{"start":{"line":76,"column":4},"end":{"line":85,"column":5}},"type":"if","locations":[{"start":{"line":76,"column":4},"end":{"line":85,"column":5}},{"start":{},"end":{}}],"line":76}},"s":{"0":1,"1":11,"2":11,"3":11,"4":11,"5":11,"6":11,"7":11,"8":11,"9":11,"10":1,"11":1,"12":1,"13":1,"14":11,"15":2,"16":2,"17":1,"18":1,"19":1,"20":1,"21":1,"22":11,"23":0,"24":1,"25":1,"26":1,"27":1,"28":1,"29":1,"30":1,"31":1},"f":{"0":11,"1":0,"2":1,"3":2,"4":0,"5":1,"6":1,"7":1,"8":1,"9":1,"10":1,"11":1},"b":{"0":[0,11],"1":[0,1],"2":[1,0],"3":[1,1],"4":[2,1,1,1],"5":[1,0]},"_coverageSchema":"1a1c01bbd47fc00a2c39e90264f33305004495a9","hash":"123479202e2d62a736d9cc2f0a039b33dbba1c91"}
,"D:\\4th Year\\Testing\\SerbisYouProvider\\screens\\Splash.js": {"path":"D:\\4th Year\\Testing\\SerbisYouProvider\\screens\\Splash.js","statementMap":{"0":{"start":{"line":6,"column":15},"end":{"line":21,"column":1}},"1":{"start":{"line":7,"column":2},"end":{"line":20,"column":4}},"2":{"start":{"line":23,"column":15},"end":{"line":69,"column":2}}},"fnMap":{"0":{"name":"(anonymous_0)","decl":{"start":{"line":6,"column":15},"end":{"line":6,"column":16}},"loc":{"start":{"line":6,"column":21},"end":{"line":21,"column":1}},"line":6}},"branchMap":{},"s":{"0":1,"1":4,"2":1},"f":{"0":4},"b":{},"_coverageSchema":"1a1c01bbd47fc00a2c39e90264f33305004495a9","hash":"1b8b9a8bc51780bc7c38b2c70033a8e169600982"}
,"D:\\4th Year\\Testing\\SerbisYouProvider\\screens\\TermsAndConditions.js": {"path":"D:\\4th Year\\Testing\\SerbisYouProvider\\screens\\TermsAndConditions.js","statementMap":{"0":{"start":{"line":14,"column":27},"end":{"line":322,"column":1}},"1":{"start":{"line":15,"column":2},"end":{"line":321,"column":4}},"2":{"start":{"line":324,"column":15},"end":{"line":573,"column":2}}},"fnMap":{"0":{"name":"(anonymous_0)","decl":{"start":{"line":14,"column":27},"end":{"line":14,"column":28}},"loc":{"start":{"line":14,"column":33},"end":{"line":322,"column":1}},"line":14}},"branchMap":{},"s":{"0":1,"1":2,"2":1},"f":{"0":2},"b":{},"_coverageSchema":"1a1c01bbd47fc00a2c39e90264f33305004495a9","hash":"761615e3dafe6fbda95d6c1acd249451a46880c3"}
,"D:\\4th Year\\Testing\\SerbisYouProvider\\screens\\UserProfile.js": {"path":"D:\\4th Year\\Testing\\SerbisYouProvider\\screens\\UserProfile.js","statementMap":{"0":{"start":{"line":32,"column":20},"end":{"line":369,"column":1}},"1":{"start":{"line":33,"column":21},"end":{"line":33,"column":36}},"2":{"start":{"line":35,"column":26},"end":{"line":35,"column":40}},"3":{"start":{"line":36,"column":26},"end":{"line":36,"column":38}},"4":{"start":{"line":37,"column":28},"end":{"line":37,"column":40}},"5":{"start":{"line":38,"column":32},"end":{"line":38,"column":46}},"6":{"start":{"line":39,"column":42},"end":{"line":39,"column":56}},"7":{"start":{"line":111,"column":2},"end":{"line":368,"column":4}},"8":{"start":{"line":156,"column":27},"end":{"line":156,"column":61}},"9":{"start":{"line":191,"column":27},"end":{"line":191,"column":64}},"10":{"start":{"line":227,"column":27},"end":{"line":227,"column":56}},"11":{"start":{"line":262,"column":27},"end":{"line":262,"column":71}},"12":{"start":{"line":297,"column":27},"end":{"line":297,"column":63}},"13":{"start":{"line":332,"column":27},"end":{"line":332,"column":63}},"14":{"start":{"line":371,"column":15},"end":{"line":528,"column":2}}},"fnMap":{"0":{"name":"(anonymous_0)","decl":{"start":{"line":32,"column":20},"end":{"line":32,"column":21}},"loc":{"start":{"line":32,"column":26},"end":{"line":369,"column":1}},"line":32},"1":{"name":"(anonymous_1)","decl":{"start":{"line":156,"column":21},"end":{"line":156,"column":22}},"loc":{"start":{"line":156,"column":27},"end":{"line":156,"column":61}},"line":156},"2":{"name":"(anonymous_2)","decl":{"start":{"line":191,"column":21},"end":{"line":191,"column":22}},"loc":{"start":{"line":191,"column":27},"end":{"line":191,"column":64}},"line":191},"3":{"name":"(anonymous_3)","decl":{"start":{"line":227,"column":21},"end":{"line":227,"column":22}},"loc":{"start":{"line":227,"column":27},"end":{"line":227,"column":56}},"line":227},"4":{"name":"(anonymous_4)","decl":{"start":{"line":262,"column":21},"end":{"line":262,"column":22}},"loc":{"start":{"line":262,"column":27},"end":{"line":262,"column":71}},"line":262},"5":{"name":"(anonymous_5)","decl":{"start":{"line":297,"column":21},"end":{"line":297,"column":22}},"loc":{"start":{"line":297,"column":27},"end":{"line":297,"column":63}},"line":297},"6":{"name":"(anonymous_6)","decl":{"start":{"line":332,"column":21},"end":{"line":332,"column":22}},"loc":{"start":{"line":332,"column":27},"end":{"line":332,"column":63}},"line":332}},"branchMap":{"0":{"loc":{"start":{"line":121,"column":11},"end":{"line":150,"column":11}},"type":"cond-expr","locations":[{"start":{"line":122,"column":12},"end":{"line":122,"column":65}},{"start":{"line":124,"column":12},"end":{"line":149,"column":19}}],"line":121}},"s":{"0":1,"1":7,"2":7,"3":7,"4":7,"5":7,"6":7,"7":7,"8":1,"9":1,"10":1,"11":1,"12":1,"13":1,"14":1},"f":{"0":7,"1":1,"2":1,"3":1,"4":1,"5":1,"6":1},"b":{"0":[7,0]},"_coverageSchema":"1a1c01bbd47fc00a2c39e90264f33305004495a9","hash":"336ce8d30747c9919deef6b29688083d79a4b07c"}
,"D:\\4th Year\\Testing\\SerbisYouProvider\\screens\\ViewBookingDetails.js": {"path":"D:\\4th Year\\Testing\\SerbisYouProvider\\screens\\ViewBookingDetails.js","statementMap":{"0":{"start":{"line":27,"column":27},"end":{"line":945,"column":1}},"1":{"start":{"line":28,"column":21},"end":{"line":28,"column":36}},"2":{"start":{"line":30,"column":71},"end":{"line":30,"column":83}},"3":{"start":{"line":31,"column":40},"end":{"line":31,"column":52}},"4":{"start":{"line":32,"column":42},"end":{"line":32,"column":54}},"5":{"start":{"line":33,"column":44},"end":{"line":33,"column":56}},"6":{"start":{"line":34,"column":40},"end":{"line":34,"column":52}},"7":{"start":{"line":35,"column":40},"end":{"line":35,"column":52}},"8":{"start":{"line":36,"column":46},"end":{"line":36,"column":58}},"9":{"start":{"line":37,"column":60},"end":{"line":37,"column":72}},"10":{"start":{"line":38,"column":48},"end":{"line":38,"column":60}},"11":{"start":{"line":39,"column":50},"end":{"line":39,"column":62}},"12":{"start":{"line":40,"column":48},"end":{"line":40,"column":60}},"13":{"start":{"line":41,"column":42},"end":{"line":41,"column":54}},"14":{"start":{"line":42,"column":48},"end":{"line":42,"column":60}},"15":{"start":{"line":43,"column":58},"end":{"line":43,"column":70}},"16":{"start":{"line":44,"column":48},"end":{"line":44,"column":60}},"17":{"start":{"line":45,"column":54},"end":{"line":45,"column":66}},"18":{"start":{"line":46,"column":42},"end":{"line":46,"column":54}},"19":{"start":{"line":47,"column":54},"end":{"line":47,"column":66}},"20":{"start":{"line":48,"column":70},"end":{"line":48,"column":82}},"21":{"start":{"line":49,"column":36},"end":{"line":49,"column":48}},"22":{"start":{"line":382,"column":2},"end":{"line":944,"column":4}},"23":{"start":{"line":413,"column":29},"end":{"line":413,"column":90}},"24":{"start":{"line":650,"column":20},"end":{"line":650,"column":56}},"25":{"start":{"line":668,"column":65},"end":{"line":668,"column":69}},"26":{"start":{"line":669,"column":20},"end":{"line":716,"column":22}},"27":{"start":{"line":947,"column":15},"end":{"line":1550,"column":2}}},"fnMap":{"0":{"name":"(anonymous_0)","decl":{"start":{"line":27,"column":27},"end":{"line":27,"column":28}},"loc":{"start":{"line":27,"column":42},"end":{"line":945,"column":1}},"line":27},"1":{"name":"(anonymous_1)","decl":{"start":{"line":413,"column":23},"end":{"line":413,"column":24}},"loc":{"start":{"line":413,"column":29},"end":{"line":413,"column":90}},"line":413},"2":{"name":"(anonymous_2)","decl":{"start":{"line":425,"column":23},"end":{"line":425,"column":24}},"loc":{"start":{"line":425,"column":29},"end":{"line":428,"column":15}},"line":425},"3":{"name":"(anonymous_3)","decl":{"start":{"line":646,"column":27},"end":{"line":646,"column":28}},"loc":{"start":{"line":646,"column":33},"end":{"line":651,"column":19}},"line":646},"4":{"name":"(anonymous_4)","decl":{"start":{"line":667,"column":39},"end":{"line":667,"column":40}},"loc":{"start":{"line":667,"column":56},"end":{"line":717,"column":19}},"line":667}},"branchMap":{"0":{"loc":{"start":{"line":810,"column":16},"end":{"line":938,"column":15}},"type":"cond-expr","locations":[{"start":{"line":811,"column":16},"end":{"line":891,"column":23}},{"start":{"line":893,"column":16},"end":{"line":937,"column":23}}],"line":810},"1":{"loc":{"start":{"line":812,"column":20},"end":{"line":890,"column":19}},"type":"cond-expr","locations":[{"start":{"line":813,"column":18},"end":{"line":862,"column":25}},{"start":{"line":864,"column":18},"end":{"line":889,"column":25}}],"line":812},"2":{"loc":{"start":{"line":812,"column":21},"end":{"line":812,"column":111}},"type":"binary-expr","locations":[{"start":{"line":812,"column":21},"end":{"line":812,"column":48}},{"start":{"line":812,"column":52},"end":{"line":812,"column":79}},{"start":{"line":812,"column":83},"end":{"line":812,"column":111}}],"line":812},"3":{"loc":{"start":{"line":822,"column":21},"end":{"line":861,"column":21}},"type":"cond-expr","locations":[{"start":{"line":823,"column":20},"end":{"line":845,"column":27}},{"start":{"line":847,"column":20},"end":{"line":860,"column":27}}],"line":822},"4":{"loc":{"start":{"line":826,"column":27},"end":{"line":829,"column":35}},"type":"binary-expr","locations":[{"start":{"line":826,"column":27},"end":{"line":826,"column":54}},{"start":{"line":827,"column":28},"end":{"line":829,"column":35}}],"line":826},"5":{"loc":{"start":{"line":873,"column":21},"end":{"line":888,"column":21}},"type":"cond-expr","locations":[{"start":{"line":874,"column":22},"end":{"line":883,"column":29}},{"start":{"line":885,"column":22},"end":{"line":887,"column":29}}],"line":873},"6":{"loc":{"start":{"line":876,"column":27},"end":{"line":879,"column":35}},"type":"binary-expr","locations":[{"start":{"line":876,"column":27},"end":{"line":876,"column":54}},{"start":{"line":877,"column":28},"end":{"line":879,"column":35}}],"line":876},"7":{"loc":{"start":{"line":878,"column":31},"end":{"line":878,"column":101}},"type":"cond-expr","locations":[{"start":{"line":878,"column":61},"end":{"line":878,"column":96}},{"start":{"line":878,"column":99},"end":{"line":878,"column":101}}],"line":878},"8":{"loc":{"start":{"line":894,"column":20},"end":{"line":936,"column":17}},"type":"cond-expr","locations":[{"start":{"line":895,"column":18},"end":{"line":932,"column":23}},{"start":{"line":934,"column":16},"end":{"line":935,"column":23}}],"line":894},"9":{"loc":{"start":{"line":894,"column":21},"end":{"line":894,"column":117}},"type":"binary-expr","locations":[{"start":{"line":894,"column":21},"end":{"line":894,"column":48}},{"start":{"line":894,"column":52},"end":{"line":894,"column":85}},{"start":{"line":894,"column":89},"end":{"line":894,"column":117}}],"line":894},"10":{"loc":{"start":{"line":904,"column":19},"end":{"line":931,"column":19}},"type":"cond-expr","locations":[{"start":{"line":905,"column":20},"end":{"line":920,"column":27}},{"start":{"line":922,"column":20},"end":{"line":930,"column":27}}],"line":904},"11":{"loc":{"start":{"line":907,"column":25},"end":{"line":910,"column":33}},"type":"binary-expr","locations":[{"start":{"line":907,"column":25},"end":{"line":907,"column":52}},{"start":{"line":908,"column":26},"end":{"line":910,"column":33}}],"line":907}},"s":{"0":1,"1":3,"2":3,"3":3,"4":3,"5":3,"6":3,"7":3,"8":3,"9":3,"10":3,"11":3,"12":3,"13":3,"14":3,"15":3,"16":3,"17":3,"18":3,"19":3,"20":3,"21":3,"22":3,"23":1,"24":0,"25":0,"26":0,"27":1},"f":{"0":3,"1":1,"2":0,"3":0,"4":0},"b":{"0":[0,3],"1":[0,0],"2":[0,0,0],"3":[0,0],"4":[0,0],"5":[0,0],"6":[0,0],"7":[0,0],"8":[0,3],"9":[3,3,3],"10":[0,0],"11":[0,0]},"_coverageSchema":"1a1c01bbd47fc00a2c39e90264f33305004495a9","hash":"ec18e27b855558e14ccf5f40015da8f7a3c6ea43"}
,"D:\\4th Year\\Testing\\SerbisYouProvider\\screens\\Wallet.js": {"path":"D:\\4th Year\\Testing\\SerbisYouProvider\\screens\\Wallet.js","statementMap":{"0":{"start":{"line":29,"column":15},"end":{"line":255,"column":1}},"1":{"start":{"line":30,"column":21},"end":{"line":30,"column":36}},"2":{"start":{"line":31,"column":40},"end":{"line":31,"column":54}},"3":{"start":{"line":32,"column":50},"end":{"line":32,"column":62}},"4":{"start":{"line":34,"column":22},"end":{"line":34,"column":32}},"5":{"start":{"line":35,"column":24},"end":{"line":38,"column":4}},"6":{"start":{"line":169,"column":2},"end":{"line":254,"column":4}},"7":{"start":{"line":204,"column":10},"end":{"line":228,"column":17}},"8":{"start":{"line":257,"column":15},"end":{"line":454,"column":2}}},"fnMap":{"0":{"name":"(anonymous_0)","decl":{"start":{"line":29,"column":15},"end":{"line":29,"column":16}},"loc":{"start":{"line":29,"column":21},"end":{"line":255,"column":1}},"line":29},"1":{"name":"(anonymous_1)","decl":{"start":{"line":203,"column":30},"end":{"line":203,"column":31}},"loc":{"start":{"line":204,"column":10},"end":{"line":228,"column":17}},"line":204}},"branchMap":{"0":{"loc":{"start":{"line":184,"column":15},"end":{"line":184,"column":73}},"type":"cond-expr","locations":[{"start":{"line":184,"column":38},"end":{"line":184,"column":58}},{"start":{"line":184,"column":61},"end":{"line":184,"column":73}}],"line":184}},"s":{"0":1,"1":2,"2":2,"3":2,"4":2,"5":2,"6":2,"7":0,"8":1},"f":{"0":2,"1":0},"b":{"0":[0,2]},"_coverageSchema":"1a1c01bbd47fc00a2c39e90264f33305004495a9","hash":"1affc0396b601da3b658c68ab6c8b07e47fa727c"}
}
