TN:
SF:GlobalStyles.js
FNF:0
FNH:0
DA:2,35
DA:32,35
DA:53,35
DA:130,35
DA:162,35
LF:5
LH:5
BRF:0
BRH:0
end_of_record
TN:
SF:animations\toggleAnimation.js
FNF:0
FNH:0
DA:3,4
LF:1
LH:1
BRF:0
BRH:0
end_of_record
TN:
SF:assets\-icon-eye-empty.png
FNF:0
FNH:0
DA:1,2
LF:1
LH:1
BRF:0
BRH:0
end_of_record
TN:
SF:assets\-left-icon.png
FNF:0
FNH:0
DA:1,1
LF:1
LH:1
BRF:0
BRH:0
end_of_record
TN:
SF:assets\-left-icon1.png
FNF:0
FNH:0
DA:1,1
LF:1
LH:1
BRF:0
BRH:0
end_of_record
TN:
SF:assets\-left-icon2.png
FNF:0
FNH:0
DA:1,1
LF:1
LH:1
BRF:0
BRH:0
end_of_record
TN:
SF:assets\-left-icon3.png
FNF:0
FNH:0
DA:1,1
LF:1
LH:1
BRF:0
BRH:0
end_of_record
TN:
SF:assets\arrow-right.png
FNF:0
FNH:0
DA:1,1
LF:1
LH:1
BRF:0
BRH:0
end_of_record
TN:
SF:assets\chat-notifications-icon.png
FNF:0
FNH:0
DA:1,1
LF:1
LH:1
BRF:0
BRH:0
end_of_record
TN:
SF:assets\clock-1.png
FNF:0
FNH:0
DA:1,1
LF:1
LH:1
BRF:0
BRH:0
end_of_record
TN:
SF:assets\copy.png
FNF:0
FNH:0
DA:1,1
LF:1
LH:1
BRF:0
BRH:0
end_of_record
TN:
SF:assets\date-range-light1.png
FNF:0
FNH:0
DA:1,1
LF:1
LH:1
BRF:0
BRH:0
end_of_record
TN:
SF:assets\dog-setting-1-1.png
FNF:0
FNH:0
DA:1,1
LF:1
LH:1
BRF:0
BRH:0
end_of_record
TN:
SF:assets\dog-setting-4-1.png
FNF:0
FNH:0
DA:1,1
LF:1
LH:1
BRF:0
BRH:0
end_of_record
TN:
SF:assets\dog-setting-5-1.png
FNF:0
FNH:0
DA:1,1
LF:1
LH:1
BRF:0
BRH:0
end_of_record
TN:
SF:assets\ellipse-138.png
FNF:0
FNH:0
DA:1,3
LF:1
LH:1
BRF:0
BRH:0
end_of_record
TN:
SF:assets\ellipse-139.png
FNF:0
FNH:0
DA:1,3
LF:1
LH:1
BRF:0
BRH:0
end_of_record
TN:
SF:assets\ellipse-19.png
FNF:0
FNH:0
DA:1,1
LF:1
LH:1
BRF:0
BRH:0
end_of_record
TN:
SF:assets\ellipse-229.png
FNF:0
FNH:0
DA:1,3
LF:1
LH:1
BRF:0
BRH:0
end_of_record
TN:
SF:assets\ellipse-4.png
FNF:0
FNH:0
DA:1,1
LF:1
LH:1
BRF:0
BRH:0
end_of_record
TN:
SF:assets\ellipse-52.png
FNF:0
FNH:0
DA:1,1
LF:1
LH:1
BRF:0
BRH:0
end_of_record
TN:
SF:assets\eye-off.png
FNF:0
FNH:0
DA:1,1
LF:1
LH:1
BRF:0
BRH:0
end_of_record
TN:
SF:assets\frame.png
FNF:0
FNH:0
DA:1,2
LF:1
LH:1
BRF:0
BRH:0
end_of_record
TN:
SF:assets\gps-2.png
FNF:0
FNH:0
DA:1,1
LF:1
LH:1
BRF:0
BRH:0
end_of_record
TN:
SF:assets\group-6476.png
FNF:0
FNH:0
DA:1,2
LF:1
LH:1
BRF:0
BRH:0
end_of_record
TN:
SF:assets\help-center-icon.png
FNF:0
FNH:0
DA:1,1
LF:1
LH:1
BRF:0
BRH:0
end_of_record
TN:
SF:assets\icon-filled.png
FNF:0
FNH:0
DA:1,2
LF:1
LH:1
BRF:0
BRH:0
end_of_record
TN:
SF:assets\icon1.png
FNF:0
FNH:0
DA:1,3
LF:1
LH:1
BRF:0
BRH:0
end_of_record
TN:
SF:assets\icon13.png
FNF:0
FNH:0
DA:1,1
LF:1
LH:1
BRF:0
BRH:0
end_of_record
TN:
SF:assets\icon14.png
FNF:0
FNH:0
DA:1,1
LF:1
LH:1
BRF:0
BRH:0
end_of_record
TN:
SF:assets\icon2.png
FNF:0
FNH:0
DA:1,3
LF:1
LH:1
BRF:0
BRH:0
end_of_record
TN:
SF:assets\icon3.png
FNF:0
FNH:0
DA:1,3
LF:1
LH:1
BRF:0
BRH:0
end_of_record
TN:
SF:assets\icon4.png
FNF:0
FNH:0
DA:1,3
LF:1
LH:1
BRF:0
BRH:0
end_of_record
TN:
SF:assets\icons8chatbubble100-1.png
FNF:0
FNH:0
DA:1,1
LF:1
LH:1
BRF:0
BRH:0
end_of_record
TN:
SF:assets\image-2354.png
FNF:0
FNH:0
DA:1,2
LF:1
LH:1
BRF:0
BRH:0
end_of_record
TN:
SF:assets\image-2356.png
FNF:0
FNH:0
DA:1,2
LF:1
LH:1
BRF:0
BRH:0
end_of_record
TN:
SF:assets\image-23583.png
FNF:0
FNH:0
DA:1,1
LF:1
LH:1
BRF:0
BRH:0
end_of_record
TN:
SF:assets\image-2373.png
FNF:0
FNH:0
DA:1,2
LF:1
LH:1
BRF:0
BRH:0
end_of_record
TN:
SF:assets\image-2387.png
FNF:0
FNH:0
DA:1,1
LF:1
LH:1
BRF:0
BRH:0
end_of_record
TN:
SF:assets\left-arrow-black.png
FNF:0
FNH:0
DA:1,1
LF:1
LH:1
BRF:0
BRH:0
end_of_record
TN:
SF:assets\line-133.png
FNF:0
FNH:0
DA:1,1
LF:1
LH:1
BRF:0
BRH:0
end_of_record
TN:
SF:assets\line-74.png
FNF:0
FNH:0
DA:1,1
LF:1
LH:1
BRF:0
BRH:0
end_of_record
TN:
SF:assets\line-84.png
FNF:0
FNH:0
DA:1,2
LF:1
LH:1
BRF:0
BRH:0
end_of_record
TN:
SF:assets\line.png
FNF:0
FNH:0
DA:1,1
LF:1
LH:1
BRF:0
BRH:0
end_of_record
TN:
SF:assets\lock.png
FNF:0
FNH:0
DA:1,1
LF:1
LH:1
BRF:0
BRH:0
end_of_record
TN:
SF:assets\markers--near-pinlet-marker1.png
FNF:0
FNH:0
DA:1,1
LF:1
LH:1
BRF:0
BRH:0
end_of_record
TN:
SF:assets\mastercard--jpeg-0.png
FNF:0
FNH:0
DA:1,1
LF:1
LH:1
BRF:0
BRH:0
end_of_record
TN:
SF:assets\mop-1.png
FNF:0
FNH:0
DA:1,1
LF:1
LH:1
BRF:0
BRH:0
end_of_record
TN:
SF:assets\navigationMap.png
FNF:0
FNH:0
DA:1,1
LF:1
LH:1
BRF:0
BRH:0
end_of_record
TN:
SF:assets\notifications-icon.png
FNF:0
FNH:0
DA:1,1
LF:1
LH:1
BRF:0
BRH:0
end_of_record
TN:
SF:assets\order-notifications-icon.png
FNF:0
FNH:0
DA:1,1
LF:1
LH:1
BRF:0
BRH:0
end_of_record
TN:
SF:assets\password-icon.png
FNF:0
FNH:0
DA:1,1
LF:1
LH:1
BRF:0
BRH:0
end_of_record
TN:
SF:assets\payment-icon.png
FNF:0
FNH:0
DA:1,1
LF:1
LH:1
BRF:0
BRH:0
end_of_record
TN:
SF:assets\policy-icon.png
FNF:0
FNH:0
DA:1,1
LF:1
LH:1
BRF:0
BRH:0
end_of_record
TN:
SF:assets\polygon-up.png
FNF:0
FNH:0
DA:1,1
LF:1
LH:1
BRF:0
BRH:0
end_of_record
TN:
SF:assets\profile-icon.png
FNF:0
FNH:0
DA:1,1
LF:1
LH:1
BRF:0
BRH:0
end_of_record
TN:
SF:assets\rectangle-4408.png
FNF:0
FNH:0
DA:1,1
LF:1
LH:1
BRF:0
BRH:0
end_of_record
TN:
SF:assets\resetpassword-1-1.png
FNF:0
FNH:0
DA:1,1
LF:1
LH:1
BRF:0
BRH:0
end_of_record
TN:
SF:assets\right-arrow-black.png
FNF:0
FNH:0
DA:1,1
LF:1
LH:1
BRF:0
BRH:0
end_of_record
TN:
SF:assets\serbisyouwhite-1.png
FNF:0
FNH:0
DA:1,1
LF:1
LH:1
BRF:0
BRH:0
end_of_record
TN:
SF:assets\sms-notifications-icon.png
FNF:0
FNH:0
DA:1,1
LF:1
LH:1
BRF:0
BRH:0
end_of_record
TN:
SF:assets\town.png
FNF:0
FNH:0
DA:1,2
LF:1
LH:1
BRF:0
BRH:0
end_of_record
TN:
SF:assets\ui-iconarrow-backwardfilled.png
FNF:0
FNH:0
DA:1,1
LF:1
LH:1
BRF:0
BRH:0
end_of_record
TN:
SF:assets\union.png
FNF:0
FNH:0
DA:1,1
LF:1
LH:1
BRF:0
BRH:0
end_of_record
TN:
SF:assets\vector-3.png
FNF:0
FNH:0
DA:1,1
LF:1
LH:1
BRF:0
BRH:0
end_of_record
TN:
SF:assets\vector-32.png
FNF:0
FNH:0
DA:1,1
LF:1
LH:1
BRF:0
BRH:0
end_of_record
TN:
SF:assets\vector1.png
FNF:0
FNH:0
DA:1,2
LF:1
LH:1
BRF:0
BRH:0
end_of_record
TN:
SF:assets\vector2.png
FNF:0
FNH:0
DA:1,2
LF:1
LH:1
BRF:0
BRH:0
end_of_record
TN:
SF:assets\vector5.png
FNF:0
FNH:0
DA:1,3
LF:1
LH:1
BRF:0
BRH:0
end_of_record
TN:
SF:assets\vector7.png
FNF:0
FNH:0
DA:1,1
LF:1
LH:1
BRF:0
BRH:0
end_of_record
TN:
SF:assets\vector8.png
FNF:0
FNH:0
DA:1,1
LF:1
LH:1
BRF:0
BRH:0
end_of_record
TN:
SF:assets\vector9.png
FNF:0
FNH:0
DA:1,1
LF:1
LH:1
BRF:0
BRH:0
end_of_record
TN:
SF:assets\vuesaxtwotonemessagetext.png
FNF:0
FNH:0
DA:1,1
LF:1
LH:1
BRF:0
BRH:0
end_of_record
TN:
SF:components\AboutUsFrame.js
FN:5,(anonymous_0)
FNF:1
FNH:0
FNDA:0,(anonymous_0)
DA:5,1
DA:6,0
DA:70,1
LF:3
LH:2
BRF:0
BRH:0
end_of_record
TN:
SF:components\ActiveBookingCard.js
FN:8,(anonymous_0)
FN:22,(anonymous_1)
FN:35,(anonymous_2)
FN:48,(anonymous_3)
FN:53,(anonymous_4)
FN:63,(anonymous_5)
FN:66,(anonymous_6)
FN:70,(anonymous_7)
FN:156,(anonymous_8)
FN:162,(anonymous_9)
FNF:10
FNH:0
FNDA:0,(anonymous_0)
FNDA:0,(anonymous_1)
FNDA:0,(anonymous_2)
FNDA:0,(anonymous_3)
FNDA:0,(anonymous_4)
FNDA:0,(anonymous_5)
FNDA:0,(anonymous_6)
FNDA:0,(anonymous_7)
FNDA:0,(anonymous_8)
FNDA:0,(anonymous_9)
DA:8,1
DA:9,0
DA:11,0
DA:13,0
DA:15,0
DA:17,0
DA:22,1
DA:23,0
DA:25,0
DA:27,0
DA:29,0
DA:31,0
DA:35,1
DA:36,0
DA:38,0
DA:40,0
DA:42,0
DA:44,0
DA:48,1
DA:49,0
DA:50,0
DA:51,0
DA:53,0
DA:54,0
DA:55,0
DA:56,0
DA:57,0
DA:58,0
DA:59,0
DA:63,0
DA:64,0
DA:66,0
DA:67,0
DA:70,0
DA:71,0
DA:75,0
DA:156,0
DA:162,0
DA:172,1
LF:39
LH:5
BRDA:9,0,0,0
BRDA:9,0,1,0
BRDA:9,0,2,0
BRDA:9,0,3,0
BRDA:23,1,0,0
BRDA:23,1,1,0
BRDA:23,1,2,0
BRDA:23,1,3,0
BRDA:36,2,0,0
BRDA:36,2,1,0
BRDA:36,2,2,0
BRDA:36,2,3,0
BRDA:54,3,0,0
BRDA:54,3,1,0
BRDA:56,4,0,0
BRDA:56,4,1,0
BRDA:58,5,0,0
BRDA:58,5,1,0
BRF:18
BRH:0
end_of_record
TN:
SF:components\ActiveBookings.js
FN:21,(anonymous_0)
FN:25,(anonymous_1)
FN:33,(anonymous_2)
FN:36,(anonymous_3)
FN:52,(anonymous_4)
FN:57,(anonymous_5)
FN:67,(anonymous_6)
FN:68,(anonymous_7)
FN:77,(anonymous_8)
FN:123,(anonymous_9)
FN:144,(anonymous_10)
FNF:11
FNH:0
FNDA:0,(anonymous_0)
FNDA:0,(anonymous_1)
FNDA:0,(anonymous_2)
FNDA:0,(anonymous_3)
FNDA:0,(anonymous_4)
FNDA:0,(anonymous_5)
FNDA:0,(anonymous_6)
FNDA:0,(anonymous_7)
FNDA:0,(anonymous_8)
FNDA:0,(anonymous_9)
FNDA:0,(anonymous_10)
DA:21,1
DA:22,0
DA:23,0
DA:25,0
DA:26,0
DA:27,0
DA:28,0
DA:30,0
DA:33,0
DA:34,0
DA:35,0
DA:36,0
DA:37,0
DA:38,0
DA:41,0
DA:42,0
DA:43,0
DA:45,0
DA:46,0
DA:49,0
DA:50,0
DA:53,0
DA:57,0
DA:59,0
DA:60,0
DA:63,0
DA:67,0
DA:68,0
DA:69,0
DA:70,0
DA:71,0
DA:74,0
DA:77,0
DA:78,0
DA:94,0
DA:123,0
DA:144,0
DA:152,1
LF:38
LH:2
BRDA:35,0,0,0
BRDA:35,0,1,0
BRDA:37,1,0,0
BRDA:37,1,1,0
BRDA:41,2,0,0
BRDA:41,2,1,0
BRDA:59,3,0,0
BRDA:59,3,1,0
BRDA:59,4,0,0
BRDA:59,4,1,0
BRDA:59,4,2,0
BRDA:96,5,0,0
BRDA:96,5,1,0
BRF:13
BRH:0
end_of_record
TN:
SF:components\BookingNotFound.js
FN:7,(anonymous_0)
FN:10,(anonymous_1)
FNF:2
FNH:0
FNDA:0,(anonymous_0)
FNDA:0,(anonymous_1)
DA:7,1
DA:8,0
DA:10,0
DA:11,0
DA:14,0
DA:55,1
LF:6
LH:2
BRF:0
BRH:0
end_of_record
TN:
SF:components\CancelBookingPrompt.js
FN:8,(anonymous_0)
FN:12,(anonymous_1)
FN:20,(anonymous_2)
FNF:3
FNH:0
FNDA:0,(anonymous_0)
FNDA:0,(anonymous_1)
FNDA:0,(anonymous_2)
DA:8,1
DA:9,0
DA:10,0
DA:12,0
DA:13,0
DA:15,0
DA:17,0
DA:20,0
DA:21,0
DA:24,0
DA:67,1
LF:11
LH:2
BRF:0
BRH:0
end_of_record
TN:
SF:components\CountDownBooking.js
FN:7,(anonymous_0)
FNF:1
FNH:0
FNDA:0,(anonymous_0)
DA:7,1
DA:8,0
DA:10,0
DA:51,1
LF:4
LH:2
BRF:0
BRH:0
end_of_record
TN:
SF:components\FAQsFrame.js
FN:19,(anonymous_0)
FN:130,(anonymous_1)
FN:152,(anonymous_2)
FN:165,(anonymous_3)
FN:179,(anonymous_4)
FN:193,(anonymous_5)
FN:207,(anonymous_6)
FN:234,(anonymous_7)
FN:255,(anonymous_8)
FN:276,(anonymous_9)
FN:297,(anonymous_10)
FN:345,(anonymous_11)
FN:365,(anonymous_12)
FN:425,(anonymous_13)
FN:445,(anonymous_14)
FN:505,(anonymous_15)
FN:525,(anonymous_16)
FN:585,(anonymous_17)
FN:605,(anonymous_18)
FNF:19
FNH:0
FNDA:0,(anonymous_0)
FNDA:0,(anonymous_1)
FNDA:0,(anonymous_2)
FNDA:0,(anonymous_3)
FNDA:0,(anonymous_4)
FNDA:0,(anonymous_5)
FNDA:0,(anonymous_6)
FNDA:0,(anonymous_7)
FNDA:0,(anonymous_8)
FNDA:0,(anonymous_9)
FNDA:0,(anonymous_10)
FNDA:0,(anonymous_11)
FNDA:0,(anonymous_12)
FNDA:0,(anonymous_13)
FNDA:0,(anonymous_14)
FNDA:0,(anonymous_15)
FNDA:0,(anonymous_16)
FNDA:0,(anonymous_17)
FNDA:0,(anonymous_18)
DA:19,1
DA:20,0
DA:21,0
DA:22,0
DA:23,0
DA:25,0
DA:26,0
DA:28,0
DA:50,0
DA:72,0
DA:94,0
DA:117,0
DA:120,0
DA:123,0
DA:126,0
DA:130,0
DA:132,0
DA:133,0
DA:152,0
DA:165,0
DA:166,0
DA:171,0
DA:172,0
DA:173,0
DA:175,0
DA:176,0
DA:177,0
DA:179,0
DA:180,0
DA:185,0
DA:186,0
DA:187,0
DA:189,0
DA:190,0
DA:191,0
DA:193,0
DA:194,0
DA:199,0
DA:200,0
DA:201,0
DA:203,0
DA:204,0
DA:205,0
DA:207,0
DA:208,0
DA:213,0
DA:214,0
DA:215,0
DA:217,0
DA:218,0
DA:219,0
DA:222,0
DA:234,0
DA:255,0
DA:276,0
DA:297,0
DA:351,0
DA:365,0
DA:431,0
DA:445,0
DA:511,0
DA:525,0
DA:591,0
DA:605,0
DA:669,1
LF:65
LH:2
BRDA:132,0,0,0
BRDA:132,0,1,0
BRDA:168,1,0,0
BRDA:168,1,1,0
BRDA:182,2,0,0
BRDA:182,2,1,0
BRDA:196,3,0,0
BRDA:196,3,1,0
BRDA:210,4,0,0
BRDA:210,4,1,0
BRDA:238,5,0,0
BRDA:238,5,1,0
BRDA:245,6,0,0
BRDA:245,6,1,0
BRDA:259,7,0,0
BRDA:259,7,1,0
BRDA:266,8,0,0
BRDA:266,8,1,0
BRDA:280,9,0,0
BRDA:280,9,1,0
BRDA:287,10,0,0
BRDA:287,10,1,0
BRDA:301,11,0,0
BRDA:301,11,1,0
BRDA:308,12,0,0
BRDA:308,12,1,0
BRDA:344,13,0,0
BRDA:344,13,1,0
BRDA:388,14,0,0
BRDA:388,14,1,0
BRDA:399,15,0,0
BRDA:399,15,1,0
BRDA:424,16,0,0
BRDA:424,16,1,0
BRDA:468,17,0,0
BRDA:468,17,1,0
BRDA:479,18,0,0
BRDA:479,18,1,0
BRDA:504,19,0,0
BRDA:504,19,1,0
BRDA:548,20,0,0
BRDA:548,20,1,0
BRDA:559,21,0,0
BRDA:559,21,1,0
BRDA:584,22,0,0
BRDA:584,22,1,0
BRDA:628,23,0,0
BRDA:628,23,1,0
BRDA:639,24,0,0
BRDA:639,24,1,0
BRF:50
BRH:0
end_of_record
TN:
SF:components\HistoryBookingCard.js
FN:26,(anonymous_0)
FN:38,(anonymous_1)
FN:49,(anonymous_2)
FN:60,(anonymous_3)
FN:79,(anonymous_4)
FN:94,(anonymous_5)
FN:127,(anonymous_6)
FN:163,(anonymous_7)
FNF:8
FNH:0
FNDA:0,(anonymous_0)
FNDA:0,(anonymous_1)
FNDA:0,(anonymous_2)
FNDA:0,(anonymous_3)
FNDA:0,(anonymous_4)
FNDA:0,(anonymous_5)
FNDA:0,(anonymous_6)
FNDA:0,(anonymous_7)
DA:26,1
DA:27,0
DA:29,0
DA:31,0
DA:33,0
DA:38,1
DA:39,0
DA:41,0
DA:43,0
DA:45,0
DA:49,1
DA:50,0
DA:52,0
DA:54,0
DA:56,0
DA:60,1
DA:61,0
DA:63,0
DA:65,0
DA:67,0
DA:69,0
DA:71,0
DA:73,0
DA:75,0
DA:79,1
DA:90,0
DA:91,0
DA:92,0
DA:94,0
DA:95,0
DA:96,0
DA:97,0
DA:98,0
DA:100,0
DA:108,0
DA:110,0
DA:111,0
DA:112,0
DA:114,0
DA:118,0
DA:123,0
DA:125,0
DA:127,0
DA:163,0
DA:258,1
LF:45
LH:6
BRDA:27,0,0,0
BRDA:27,0,1,0
BRDA:27,0,2,0
BRDA:39,1,0,0
BRDA:39,1,1,0
BRDA:39,1,2,0
BRDA:50,2,0,0
BRDA:50,2,1,0
BRDA:50,2,2,0
BRDA:61,3,0,0
BRDA:61,3,1,0
BRDA:61,3,2,0
BRDA:61,3,3,0
BRDA:61,3,4,0
BRDA:61,3,5,0
BRDA:61,3,6,0
BRDA:110,4,0,0
BRDA:110,4,1,0
BRF:18
BRH:0
end_of_record
TN:
SF:components\HistoryBookings.js
FN:31,(anonymous_0)
FN:42,(anonymous_1)
FN:48,(anonymous_2)
FN:49,(anonymous_3)
FN:75,(anonymous_4)
FN:119,(anonymous_5)
FN:124,(anonymous_6)
FN:133,(anonymous_7)
FN:139,(anonymous_8)
FN:198,(anonymous_9)
FN:200,(anonymous_10)
FN:213,(anonymous_11)
FN:216,(anonymous_12)
FN:224,(anonymous_13)
FN:235,(anonymous_14)
FN:266,(anonymous_15)
FN:286,(anonymous_16)
FN:381,(anonymous_17)
FN:402,(anonymous_18)
FNF:19
FNH:0
FNDA:0,(anonymous_0)
FNDA:0,(anonymous_1)
FNDA:0,(anonymous_2)
FNDA:0,(anonymous_3)
FNDA:0,(anonymous_4)
FNDA:0,(anonymous_5)
FNDA:0,(anonymous_6)
FNDA:0,(anonymous_7)
FNDA:0,(anonymous_8)
FNDA:0,(anonymous_9)
FNDA:0,(anonymous_10)
FNDA:0,(anonymous_11)
FNDA:0,(anonymous_12)
FNDA:0,(anonymous_13)
FNDA:0,(anonymous_14)
FNDA:0,(anonymous_15)
FNDA:0,(anonymous_16)
FNDA:0,(anonymous_17)
FNDA:0,(anonymous_18)
DA:31,1
DA:32,0
DA:33,0
DA:35,0
DA:36,0
DA:37,0
DA:38,0
DA:39,0
DA:40,0
DA:42,0
DA:45,0
DA:48,0
DA:49,0
DA:50,0
DA:51,0
DA:52,0
DA:53,0
DA:55,0
DA:56,0
DA:57,0
DA:59,0
DA:60,0
DA:61,0
DA:63,0
DA:64,0
DA:66,0
DA:71,0
DA:72,0
DA:73,0
DA:75,0
DA:76,0
DA:77,0
DA:78,0
DA:80,0
DA:81,0
DA:85,0
DA:86,0
DA:89,0
DA:93,0
DA:94,0
DA:99,0
DA:100,0
DA:106,0
DA:112,0
DA:113,0
DA:115,0
DA:119,0
DA:121,0
DA:124,0
DA:125,0
DA:126,0
DA:130,0
DA:133,0
DA:134,0
DA:135,0
DA:136,0
DA:139,0
DA:140,0
DA:141,0
DA:142,0
DA:147,0
DA:158,0
DA:198,0
DA:200,0
DA:201,0
DA:202,0
DA:203,0
DA:204,0
DA:206,0
DA:208,0
DA:213,0
DA:214,0
DA:215,0
DA:216,0
DA:217,0
DA:219,0
DA:221,0
DA:222,0
DA:225,0
DA:228,0
DA:232,0
DA:235,0
DA:266,0
DA:268,0
DA:269,0
DA:272,0
DA:286,0
DA:287,0
DA:302,0
DA:306,0
DA:307,0
DA:381,0
DA:402,0
DA:409,1
LF:94
LH:2
BRDA:53,0,0,0
BRDA:53,0,1,0
BRDA:77,1,0,0
BRDA:77,1,1,0
BRDA:80,2,0,0
BRDA:80,2,1,0
BRDA:85,3,0,0
BRDA:85,3,1,0
BRDA:85,4,0,0
BRDA:85,4,1,0
BRDA:93,5,0,0
BRDA:93,5,1,0
BRDA:99,6,0,0
BRDA:99,6,1,0
BRDA:204,7,0,0
BRDA:204,7,1,0
BRDA:215,8,0,0
BRDA:215,8,1,0
BRDA:235,9,0,0
BRDA:235,9,1,0
BRDA:268,10,0,0
BRDA:268,10,1,0
BRDA:268,11,0,0
BRDA:268,11,1,0
BRDA:268,11,2,0
BRDA:354,12,0,0
BRDA:354,12,1,0
BRF:27
BRH:0
end_of_record
TN:
SF:components\PerformServicePrompt.js
FN:22,(anonymous_0)
FN:31,(anonymous_1)
FN:42,(anonymous_2)
FN:43,fetchData
FN:69,(anonymous_4)
FN:87,(anonymous_5)
FN:151,(anonymous_6)
FN:167,(anonymous_7)
FN:172,(anonymous_8)
FN:199,(anonymous_9)
FNF:10
FNH:0
FNDA:0,(anonymous_0)
FNDA:0,(anonymous_1)
FNDA:0,(anonymous_2)
FNDA:0,fetchData
FNDA:0,(anonymous_4)
FNDA:0,(anonymous_5)
FNDA:0,(anonymous_6)
FNDA:0,(anonymous_7)
FNDA:0,(anonymous_8)
FNDA:0,(anonymous_9)
DA:22,1
DA:23,0
DA:24,0
DA:25,0
DA:26,0
DA:28,0
DA:31,0
DA:32,0
DA:33,0
DA:34,0
DA:35,0
DA:36,0
DA:38,0
DA:42,0
DA:44,0
DA:45,0
DA:48,0
DA:49,0
DA:50,0
DA:51,0
DA:53,0
DA:54,0
DA:55,0
DA:56,0
DA:57,0
DA:59,0
DA:62,0
DA:66,0
DA:69,0
DA:70,0
DA:71,0
DA:73,0
DA:75,0
DA:76,0
DA:77,0
DA:78,0
DA:79,0
DA:81,0
DA:82,0
DA:83,0
DA:85,0
DA:86,0
DA:87,0
DA:88,0
DA:89,0
DA:95,0
DA:99,0
DA:100,0
DA:102,0
DA:103,0
DA:105,0
DA:106,0
DA:111,0
DA:113,0
DA:123,0
DA:125,0
DA:126,0
DA:127,0
DA:129,0
DA:132,0
DA:135,0
DA:136,0
DA:139,0
DA:142,0
DA:145,0
DA:147,0
DA:151,0
DA:152,0
DA:153,0
DA:154,0
DA:155,0
DA:159,0
DA:160,0
DA:163,0
DA:167,0
DA:168,0
DA:169,0
DA:172,0
DA:173,0
DA:176,0
DA:199,0
DA:213,1
LF:82
LH:2
BRDA:53,0,0,0
BRDA:53,0,1,0
BRDA:127,1,0,0
BRDA:127,1,1,0
BRDA:154,2,0,0
BRDA:154,2,1,0
BRDA:154,3,0,0
BRDA:154,3,1,0
BRDA:159,4,0,0
BRDA:159,4,1,0
BRDA:159,5,0,0
BRDA:159,5,1,0
BRDA:159,5,2,0
BRF:13
BRH:0
end_of_record
TN:
SF:components\Tab1.js
FN:5,(anonymous_0)
FNF:1
FNH:0
FNDA:0,(anonymous_0)
DA:5,2
DA:6,0
DA:18,2
LF:3
LH:2
BRF:0
BRH:0
end_of_record
TN:
SF:components\Tab11.js
FN:5,(anonymous_0)
FNF:1
FNH:0
FNDA:0,(anonymous_0)
DA:5,2
DA:6,0
DA:18,2
LF:3
LH:2
BRF:0
BRH:0
end_of_record
TN:
SF:components\Tab2.js
FN:5,(anonymous_0)
FNF:1
FNH:0
FNDA:0,(anonymous_0)
DA:5,2
DA:6,0
DA:17,2
LF:3
LH:2
BRF:0
BRH:0
end_of_record
TN:
SF:components\Tab21.js
FN:5,(anonymous_0)
FNF:1
FNH:0
FNDA:0,(anonymous_0)
DA:5,2
DA:6,0
DA:18,2
LF:3
LH:2
BRF:0
BRH:0
end_of_record
TN:
SF:screens\AddCard.js
FN:15,(anonymous_0)
FNF:1
FNH:1
FNDA:11,(anonymous_0)
DA:15,1
DA:16,11
DA:246,1
LF:3
LH:3
BRF:0
BRH:0
end_of_record
TN:
SF:screens\ApplicationForm1.js
FN:30,(anonymous_0)
FNF:1
FNH:1
FNDA:1,(anonymous_0)
DA:30,1
DA:31,1
DA:33,1
DA:34,1
DA:35,1
DA:36,1
DA:37,1
DA:38,1
DA:162,1
DA:334,1
LF:10
LH:10
BRDA:173,0,0,1
BRDA:173,0,1,0
BRF:2
BRH:1
end_of_record
TN:
SF:screens\ApplicationForm2.js
FN:23,(anonymous_0)
FN:412,(anonymous_1)
FN:427,(anonymous_2)
FN:441,(anonymous_3)
FNF:4
FNH:1
FNDA:10,(anonymous_0)
FNDA:0,(anonymous_1)
FNDA:0,(anonymous_2)
FNDA:0,(anonymous_3)
DA:23,2
DA:24,10
DA:26,10
DA:27,10
DA:28,10
DA:29,10
DA:30,10
DA:31,10
DA:35,10
DA:105,10
DA:325,10
DA:412,0
DA:427,0
DA:441,0
DA:514,2
LF:15
LH:12
BRDA:393,0,0,0
BRDA:393,0,1,10
BRDA:408,1,0,0
BRDA:408,1,1,10
BRDA:423,2,0,0
BRDA:423,2,1,10
BRDA:437,3,0,0
BRDA:437,3,1,10
BRF:8
BRH:4
end_of_record
TN:
SF:screens\Authentication.js
FN:53,(anonymous_0)
FN:100,(anonymous_1)
FN:351,(anonymous_2)
FNF:3
FNH:3
FNDA:4,(anonymous_0)
FNDA:24,(anonymous_1)
FNDA:24,(anonymous_2)
DA:36,1
DA:45,1
DA:46,1
DA:47,1
DA:53,1
DA:54,4
DA:55,4
DA:57,4
DA:59,4
DA:61,4
DA:62,4
DA:63,4
DA:64,4
DA:66,4
DA:68,4
DA:96,4
DA:97,4
DA:98,4
DA:100,24
DA:333,4
DA:352,24
DA:402,1
LF:22
LH:22
BRDA:46,0,0,1
BRDA:46,0,1,0
BRDA:380,1,0,4
BRDA:380,1,1,4
BRDA:382,2,0,4
BRDA:382,2,1,0
BRF:6
BRH:4
end_of_record
TN:
SF:screens\BookingsActive.js
FN:26,(anonymous_0)
FN:53,(anonymous_1)
FNF:2
FNH:1
FNDA:1,(anonymous_0)
FNDA:0,(anonymous_1)
DA:23,1
DA:24,1
DA:26,1
DA:28,1
DA:29,1
DA:100,1
LF:6
LH:6
BRF:0
BRH:0
end_of_record
TN:
SF:screens\CalendarStrips.js
FN:6,(anonymous_0)
FN:14,(anonymous_1)
FN:54,(anonymous_2)
FN:58,(anonymous_3)
FN:63,(anonymous_4)
FN:69,(anonymous_5)
FNF:6
FNH:2
FNDA:2,(anonymous_0)
FNDA:1,(anonymous_1)
FNDA:0,(anonymous_2)
FNDA:0,(anonymous_3)
FNDA:0,(anonymous_4)
FNDA:0,(anonymous_5)
DA:6,1
DA:7,2
DA:8,2
DA:9,2
DA:10,2
DA:14,2
DA:15,1
DA:16,1
DA:17,1
DA:19,1
DA:20,366
DA:21,366
DA:22,366
DA:25,366
DA:26,157
DA:30,157
DA:37,366
DA:38,105
DA:44,366
DA:51,1
DA:54,2
DA:58,2
DA:63,2
DA:64,0
DA:69,2
DA:70,0
DA:77,2
DA:88,2
DA:97,2
DA:140,1
LF:30
LH:28
BRDA:25,0,0,157
BRDA:25,0,1,209
BRDA:37,1,0,105
BRDA:37,1,1,261
BRF:4
BRH:4
end_of_record
TN:
SF:screens\CashOutBalance.js
FN:18,(anonymous_0)
FN:66,(anonymous_1)
FNF:2
FNH:2
FNDA:5,(anonymous_0)
FNDA:1,(anonymous_1)
DA:18,1
DA:19,5
DA:21,5
DA:23,5
DA:66,1
DA:76,1
LF:6
LH:6
BRF:0
BRH:0
end_of_record
TN:
SF:screens\ChangePassword.js
FN:31,(anonymous_0)
FN:226,(anonymous_1)
FNF:2
FNH:1
FNDA:6,(anonymous_0)
FNDA:0,(anonymous_1)
DA:31,1
DA:32,6
DA:35,6
DA:36,6
DA:37,6
DA:38,6
DA:40,6
DA:41,6
DA:42,6
DA:138,6
DA:226,0
DA:321,1
LF:12
LH:11
BRDA:185,0,0,6
BRDA:185,0,1,0
BRDA:212,1,0,6
BRDA:212,1,1,0
BRDA:238,2,0,6
BRDA:238,2,1,0
BRDA:254,3,0,0
BRDA:254,3,1,6
BRDA:255,4,0,0
BRDA:255,4,1,0
BRDA:256,5,0,0
BRDA:256,5,1,0
BRDA:285,6,0,0
BRDA:285,6,1,6
BRDA:286,7,0,0
BRDA:286,7,1,0
BRDA:287,8,0,0
BRDA:287,8,1,0
BRF:18
BRH:5
end_of_record
TN:
SF:screens\ChangePasswordUpdated.js
FN:16,(anonymous_0)
FN:49,(anonymous_1)
FNF:2
FNH:2
FNDA:4,(anonymous_0)
FNDA:1,(anonymous_1)
DA:16,1
DA:17,4
DA:19,4
DA:49,1
DA:64,1
LF:5
LH:5
BRF:0
BRH:0
end_of_record
TN:
SF:screens\ConfirmNavigation.js
FN:14,(anonymous_0)
FN:265,(anonymous_1)
FN:329,(anonymous_2)
FN:330,(anonymous_3)
FNF:4
FNH:1
FNDA:2,(anonymous_0)
FNDA:0,(anonymous_1)
FNDA:0,(anonymous_2)
FNDA:0,(anonymous_3)
DA:14,1
DA:15,2
DA:16,2
DA:17,2
DA:18,2
DA:19,2
DA:21,2
DA:143,2
DA:144,2
DA:164,2
DA:165,2
DA:168,2
DA:169,2
DA:170,2
DA:263,2
DA:265,0
DA:329,0
DA:330,0
DA:425,1
LF:19
LH:16
BRF:0
BRH:0
end_of_record
TN:
SF:screens\EReceipt.js
FN:29,(anonymous_0)
FN:38,(anonymous_1)
FN:68,(anonymous_2)
FN:69,(anonymous_3)
FN:112,(anonymous_4)
FN:238,(anonymous_5)
FN:297,(anonymous_6)
FNF:7
FNH:3
FNDA:7,(anonymous_0)
FNDA:0,(anonymous_1)
FNDA:7,(anonymous_2)
FNDA:7,(anonymous_3)
FNDA:0,(anonymous_4)
FNDA:0,(anonymous_5)
FNDA:0,(anonymous_6)
DA:29,1
DA:30,7
DA:32,7
DA:34,7
DA:35,7
DA:36,7
DA:38,7
DA:39,0
DA:49,7
DA:54,7
DA:55,7
DA:56,7
DA:57,7
DA:58,7
DA:59,7
DA:60,7
DA:61,7
DA:62,7
DA:63,7
DA:64,7
DA:66,7
DA:68,7
DA:69,7
DA:70,7
DA:71,7
DA:72,7
DA:73,7
DA:75,0
DA:83,0
DA:105,7
DA:109,7
DA:112,7
DA:113,0
DA:114,0
DA:134,7
DA:238,0
DA:298,0
DA:454,1
LF:38
LH:31
BRDA:41,0,0,0
BRDA:41,0,1,0
BRDA:256,1,0,7
BRDA:256,1,1,0
BRF:4
BRH:1
end_of_record
TN:
SF:screens\EditService.js
FN:29,(anonymous_0)
FN:36,(anonymous_1)
FNF:2
FNH:1
FNDA:7,(anonymous_0)
FNDA:0,(anonymous_1)
DA:29,1
DA:30,7
DA:35,7
DA:36,6
DA:37,0
DA:38,0
DA:39,0
DA:40,0
DA:41,0
DA:42,0
DA:45,0
DA:49,6
DA:50,6
DA:51,6
DA:56,6
DA:57,6
DA:61,6
DA:124,6
DA:140,6
DA:156,6
DA:171,6
DA:194,6
DA:213,6
DA:228,6
DA:244,6
DA:261,6
DA:278,6
DA:295,6
DA:312,6
DA:328,6
DA:344,6
DA:361,6
DA:378,6
DA:394,6
DA:411,6
DA:426,6
DA:442,6
DA:456,6
DA:473,6
DA:491,6
DA:509,6
DA:771,6
DA:947,1
LF:43
LH:36
BRF:0
BRH:0
end_of_record
TN:
SF:screens\ForgotPasswordCode.js
FN:16,(anonymous_0)
FN:78,(anonymous_1)
FN:92,(anonymous_2)
FNF:3
FNH:3
FNDA:4,(anonymous_0)
FNDA:1,(anonymous_1)
FNDA:1,(anonymous_2)
DA:16,1
DA:17,4
DA:19,4
DA:78,1
DA:92,1
DA:104,1
LF:6
LH:6
BRF:0
BRH:0
end_of_record
TN:
SF:screens\ForgotPasswordConfirmation1.js
FN:31,(anonymous_0)
FN:157,(anonymous_1)
FNF:2
FNH:1
FNDA:2,(anonymous_0)
FNDA:0,(anonymous_1)
DA:31,1
DA:32,2
DA:33,2
DA:34,2
DA:35,2
DA:36,2
DA:89,2
DA:157,0
DA:212,1
LF:9
LH:8
BRDA:161,0,0,0
BRDA:161,0,1,2
BRDA:166,1,0,0
BRDA:166,1,1,0
BRDA:195,2,0,0
BRDA:195,2,1,2
BRF:6
BRH:2
end_of_record
TN:
SF:screens\ForgotPasswordResendCode.js
FN:16,(anonymous_0)
FN:79,(anonymous_1)
FNF:2
FNH:1
FNDA:2,(anonymous_0)
FNDA:0,(anonymous_1)
DA:16,1
DA:17,2
DA:19,2
DA:79,0
DA:97,1
LF:5
LH:4
BRF:0
BRH:0
end_of_record
TN:
SF:screens\ForgotPasswordUpdated.js
FN:15,(anonymous_0)
FN:50,(anonymous_1)
FNF:2
FNH:2
FNDA:3,(anonymous_0)
FNDA:1,(anonymous_1)
DA:15,1
DA:16,3
DA:18,3
DA:50,1
DA:66,1
LF:5
LH:5
BRF:0
BRH:0
end_of_record
TN:
SF:screens\GoToCustomer.js
FN:33,(anonymous_0)
FN:515,(anonymous_1)
FN:530,(anonymous_2)
FNF:3
FNH:1
FNDA:1,(anonymous_0)
FNDA:0,(anonymous_1)
FNDA:0,(anonymous_2)
DA:33,1
DA:34,1
DA:35,1
DA:38,1
DA:39,1
DA:40,1
DA:41,1
DA:42,1
DA:43,1
DA:44,1
DA:45,1
DA:47,1
DA:48,1
DA:49,1
DA:52,1
DA:53,1
DA:55,1
DA:58,1
DA:59,1
DA:60,1
DA:61,1
DA:200,1
DA:204,1
DA:235,1
DA:242,1
DA:247,1
DA:480,1
DA:515,0
DA:530,0
DA:816,1
LF:30
LH:28
BRDA:480,0,0,1
BRDA:480,0,1,0
BRDA:588,1,0,0
BRDA:588,1,1,0
BRDA:590,2,0,0
BRDA:590,2,1,0
BRDA:590,3,0,0
BRDA:590,3,1,0
BRDA:590,3,2,0
BRDA:602,4,0,0
BRDA:602,4,1,0
BRDA:606,5,0,0
BRDA:606,5,1,0
BRDA:659,6,0,0
BRDA:659,6,1,0
BRDA:663,7,0,0
BRDA:663,7,1,0
BRDA:665,8,0,0
BRDA:665,8,1,0
BRDA:682,9,0,0
BRDA:682,9,1,0
BRDA:682,10,0,0
BRDA:682,10,1,0
BRDA:682,10,2,0
BRDA:694,11,0,0
BRDA:694,11,1,0
BRDA:698,12,0,0
BRDA:698,12,1,0
BRDA:769,13,0,0
BRDA:769,13,1,0
BRDA:769,13,2,0
BRDA:777,14,0,0
BRDA:777,14,1,0
BRDA:777,14,2,0
BRF:34
BRH:1
end_of_record
TN:
SF:screens\HelpCenterFAQ.js
FN:24,(anonymous_0)
FNF:1
FNH:0
FNDA:0,(anonymous_0)
DA:21,1
DA:22,1
DA:24,1
DA:26,0
DA:98,1
LF:5
LH:4
BRF:0
BRH:0
end_of_record
TN:
SF:screens\Homepage.js
FN:31,(anonymous_0)
FN:265,(anonymous_1)
FN:278,(anonymous_2)
FN:311,(anonymous_3)
FN:343,(anonymous_4)
FN:369,(anonymous_5)
FN:370,(anonymous_6)
FN:795,(anonymous_7)
FN:795,(anonymous_8)
FNF:9
FNH:3
FNDA:1,(anonymous_0)
FNDA:0,(anonymous_1)
FNDA:0,(anonymous_2)
FNDA:0,(anonymous_3)
FNDA:0,(anonymous_4)
FNDA:1,(anonymous_5)
FNDA:1,(anonymous_6)
FNDA:0,(anonymous_7)
FNDA:0,(anonymous_8)
DA:31,1
DA:32,1
DA:34,1
DA:36,1
DA:38,1
DA:41,1
DA:44,1
DA:46,1
DA:52,1
DA:53,1
DA:54,1
DA:55,1
DA:57,1
DA:59,1
DA:60,1
DA:61,1
DA:62,1
DA:265,1
DA:276,0
DA:279,0
DA:312,0
DA:344,0
DA:369,1
DA:370,1
DA:371,1
DA:372,1
DA:373,1
DA:374,1
DA:376,1
DA:383,1
DA:390,1
DA:478,1
DA:794,1
DA:795,1
DA:797,1
DA:923,1
LF:36
LH:32
BRDA:310,0,0,0
BRDA:310,0,1,0
BRDA:342,1,0,0
BRDA:342,1,1,0
BRDA:830,2,0,0
BRDA:830,2,1,1
BRDA:910,3,0,0
BRDA:910,3,1,1
BRF:8
BRH:2
end_of_record
TN:
SF:screens\NewBooking.js
FN:49,(anonymous_0)
FN:584,(anonymous_1)
FN:770,(anonymous_2)
FN:786,(anonymous_3)
FN:789,(anonymous_4)
FN:796,(anonymous_5)
FN:988,(anonymous_6)
FN:1030,(anonymous_7)
FNF:8
FNH:4
FNDA:1,(anonymous_0)
FNDA:1,(anonymous_1)
FNDA:0,(anonymous_2)
FNDA:1,(anonymous_3)
FNDA:0,(anonymous_4)
FNDA:1,(anonymous_5)
FNDA:0,(anonymous_6)
FNDA:0,(anonymous_7)
DA:49,1
DA:50,1
DA:51,1
DA:53,1
DA:55,1
DA:56,1
DA:57,1
DA:58,1
DA:59,1
DA:60,1
DA:61,1
DA:62,1
DA:63,1
DA:64,1
DA:65,1
DA:66,1
DA:67,1
DA:68,1
DA:69,1
DA:70,1
DA:71,1
DA:72,1
DA:73,1
DA:74,1
DA:75,1
DA:76,1
DA:77,1
DA:78,1
DA:82,1
DA:85,1
DA:86,1
DA:89,1
DA:93,1
DA:97,1
DA:99,1
DA:101,1
DA:102,1
DA:103,1
DA:104,1
DA:105,1
DA:340,1
DA:347,1
DA:352,1
DA:354,1
DA:355,1
DA:584,1
DA:585,1
DA:767,1
DA:768,1
DA:770,1
DA:771,0
DA:776,0
DA:777,0
DA:778,0
DA:781,1
DA:786,1
DA:787,1
DA:791,0
DA:792,0
DA:796,1
DA:797,1
DA:801,1
DA:988,0
DA:1031,0
DA:1032,0
DA:1166,1
LF:66
LH:57
BRDA:585,0,0,0
BRDA:585,0,1,1
BRDA:773,1,0,0
BRDA:773,1,1,0
BRDA:801,2,0,1
BRDA:801,2,1,0
BRDA:822,3,0,0
BRDA:822,3,1,0
BRDA:822,3,2,0
BRDA:1018,4,0,0
BRDA:1018,4,1,0
BRF:11
BRH:2
end_of_record
TN:
SF:screens\Notifications.js
FN:28,(anonymous_0)
FN:150,(anonymous_1)
FN:158,(anonymous_2)
FNF:3
FNH:1
FNDA:2,(anonymous_0)
FNDA:0,(anonymous_1)
FNDA:0,(anonymous_2)
DA:28,1
DA:29,2
DA:30,2
DA:31,2
DA:32,2
DA:33,2
DA:34,2
DA:36,2
DA:94,2
DA:151,0
DA:159,0
DA:191,1
LF:12
LH:10
BRDA:109,0,0,2
BRDA:109,0,1,0
BRDA:113,1,0,0
BRDA:113,1,1,0
BRDA:113,1,2,0
BRDA:148,2,0,0
BRDA:148,2,1,0
BRDA:148,2,2,0
BRF:8
BRH:1
end_of_record
TN:
SF:screens\NotificationsSettings.js
FN:17,(anonymous_0)
FN:29,(anonymous_1)
FN:32,(anonymous_2)
FN:35,(anonymous_3)
FN:38,(anonymous_4)
FNF:5
FNH:1
FNDA:9,(anonymous_0)
FNDA:0,(anonymous_1)
FNDA:0,(anonymous_2)
FNDA:0,(anonymous_3)
FNDA:0,(anonymous_4)
DA:17,1
DA:18,9
DA:20,9
DA:22,9
DA:24,9
DA:25,9
DA:26,9
DA:27,9
DA:29,9
DA:32,9
DA:35,9
DA:38,9
DA:103,9
DA:465,1
LF:14
LH:14
BRDA:172,0,0,0
BRDA:172,0,1,9
BRDA:253,1,0,0
BRDA:253,1,1,9
BRDA:325,2,0,0
BRDA:325,2,1,9
BRDA:397,3,0,0
BRDA:397,3,1,9
BRF:8
BRH:4
end_of_record
TN:
SF:screens\Onboarding1.js
FN:14,(anonymous_0)
FN:30,(anonymous_1)
FN:102,(anonymous_2)
FNF:3
FNH:3
FNDA:5,(anonymous_0)
FNDA:1,(anonymous_1)
FNDA:1,(anonymous_2)
DA:14,1
DA:15,5
DA:17,5
DA:30,1
DA:104,1
DA:121,1
LF:6
LH:6
BRF:0
BRH:0
end_of_record
TN:
SF:screens\Onboarding2.js
FN:14,(anonymous_0)
FN:30,(anonymous_1)
FN:102,(anonymous_2)
FNF:3
FNH:3
FNDA:5,(anonymous_0)
FNDA:1,(anonymous_1)
FNDA:1,(anonymous_2)
DA:14,1
DA:15,5
DA:17,5
DA:30,1
DA:102,1
DA:118,1
LF:6
LH:6
BRF:0
BRH:0
end_of_record
TN:
SF:screens\Onboarding3.js
FN:14,(anonymous_0)
FN:97,(anonymous_1)
FNF:2
FNH:2
FNDA:3,(anonymous_0)
FNDA:1,(anonymous_1)
DA:14,1
DA:15,3
DA:17,3
DA:97,1
DA:111,1
LF:5
LH:5
BRF:0
BRH:0
end_of_record
TN:
SF:screens\PaymentOptions.js
FN:15,(anonymous_0)
FN:121,(anonymous_1)
FNF:2
FNH:2
FNDA:1,(anonymous_0)
FNDA:1,(anonymous_1)
DA:15,1
DA:16,1
DA:18,1
DA:121,1
DA:220,1
LF:5
LH:5
BRF:0
BRH:0
end_of_record
TN:
SF:screens\PerformTheService.js
FN:25,(anonymous_0)
FN:42,(anonymous_1)
FN:46,(anonymous_2)
FN:50,(anonymous_3)
FN:103,(anonymous_4)
FN:117,(anonymous_5)
FN:265,(anonymous_6)
FN:470,(anonymous_7)
FNF:8
FNH:3
FNDA:6,(anonymous_0)
FNDA:0,(anonymous_1)
FNDA:0,(anonymous_2)
FNDA:0,(anonymous_3)
FNDA:6,(anonymous_4)
FNDA:6,(anonymous_5)
FNDA:0,(anonymous_6)
FNDA:0,(anonymous_7)
DA:25,1
DA:26,6
DA:28,6
DA:29,6
DA:30,6
DA:31,6
DA:32,6
DA:33,6
DA:34,6
DA:35,6
DA:37,6
DA:39,6
DA:40,6
DA:42,6
DA:46,6
DA:50,6
DA:103,6
DA:104,6
DA:105,6
DA:109,0
DA:110,0
DA:113,0
DA:117,6
DA:118,6
DA:234,6
DA:471,0
DA:685,1
LF:27
LH:23
BRDA:104,0,0,6
BRDA:104,0,1,0
BRDA:104,1,0,6
BRDA:104,1,1,0
BRDA:109,2,0,0
BRDA:109,2,1,0
BRDA:109,3,0,0
BRDA:109,3,1,0
BRDA:109,3,2,0
BRDA:118,4,0,0
BRDA:118,4,1,6
BRDA:654,5,0,6
BRDA:654,5,1,0
BRF:13
BRH:4
end_of_record
TN:
SF:screens\PrivacyPolicy.js
FN:14,(anonymous_0)
FNF:1
FNH:1
FNDA:2,(anonymous_0)
DA:14,1
DA:15,2
DA:170,1
LF:3
LH:3
BRF:0
BRH:0
end_of_record
TN:
SF:screens\SignIn.js
FN:31,(anonymous_0)
FN:38,(anonymous_1)
FN:46,(anonymous_2)
FN:53,(anonymous_3)
FN:118,(anonymous_4)
FN:186,(anonymous_5)
FN:213,(anonymous_6)
FN:236,(anonymous_7)
FN:280,(anonymous_8)
FNF:9
FNH:6
FNDA:18,(anonymous_0)
FNDA:0,(anonymous_1)
FNDA:3,(anonymous_2)
FNDA:1,(anonymous_3)
FNDA:2,(anonymous_4)
FNDA:5,(anonymous_5)
FNDA:3,(anonymous_6)
FNDA:0,(anonymous_7)
FNDA:0,(anonymous_8)
DA:31,1
DA:32,18
DA:33,18
DA:34,18
DA:36,18
DA:38,18
DA:42,18
DA:46,18
DA:47,3
DA:49,3
DA:52,3
DA:57,1
DA:58,1
DA:59,1
DA:61,1
DA:62,1
DA:63,1
DA:64,1
DA:66,1
DA:67,1
DA:75,1
DA:77,0
DA:99,0
DA:109,1
DA:120,2
DA:121,2
DA:123,2
DA:133,18
DA:186,5
DA:213,3
DA:237,0
DA:280,0
DA:302,1
LF:33
LH:29
BRDA:42,0,0,0
BRDA:42,0,1,18
BRDA:63,1,0,1
BRDA:63,1,1,0
BRDA:77,2,0,0
BRDA:77,2,1,0
BRF:6
BRH:2
end_of_record
TN:
SF:screens\SignUp.js
FN:29,(anonymous_0)
FN:38,(anonymous_1)
FN:46,(anonymous_2)
FN:63,(anonymous_3)
FN:298,(anonymous_4)
FN:331,(anonymous_5)
FN:344,(anonymous_6)
FN:389,(anonymous_7)
FN:432,(anonymous_8)
FN:473,(anonymous_9)
FN:481,(anonymous_10)
FN:499,(anonymous_11)
FNF:12
FNH:10
FNDA:11,(anonymous_0)
FNDA:0,(anonymous_1)
FNDA:1,(anonymous_2)
FNDA:2,(anonymous_3)
FNDA:0,(anonymous_4)
FNDA:1,(anonymous_5)
FNDA:1,(anonymous_6)
FNDA:1,(anonymous_7)
FNDA:1,(anonymous_8)
FNDA:1,(anonymous_9)
FNDA:1,(anonymous_10)
FNDA:1,(anonymous_11)
DA:29,1
DA:30,11
DA:31,11
DA:32,11
DA:33,11
DA:34,11
DA:36,11
DA:38,11
DA:42,11
DA:46,11
DA:48,1
DA:51,1
DA:56,1
DA:57,1
DA:63,11
DA:64,2
DA:66,2
DA:67,1
DA:74,1
DA:76,1
DA:77,1
DA:84,1
DA:274,11
DA:298,0
DA:331,1
DA:344,1
DA:389,1
DA:432,1
DA:473,1
DA:481,1
DA:499,1
DA:516,1
LF:32
LH:31
BRDA:42,0,0,0
BRDA:42,0,1,11
BRDA:51,1,0,0
BRDA:51,1,1,1
BRDA:56,2,0,1
BRDA:56,2,1,0
BRDA:66,3,0,1
BRDA:66,3,1,1
BRDA:66,4,0,2
BRDA:66,4,1,1
BRDA:66,4,2,1
BRDA:66,4,3,1
BRDA:76,5,0,1
BRDA:76,5,1,0
BRF:14
BRH:10
end_of_record
TN:
SF:screens\Splash.js
FN:6,(anonymous_0)
FNF:1
FNH:1
FNDA:4,(anonymous_0)
DA:6,1
DA:7,4
DA:23,1
LF:3
LH:3
BRF:0
BRH:0
end_of_record
TN:
SF:screens\TermsAndConditions.js
FN:14,(anonymous_0)
FNF:1
FNH:1
FNDA:2,(anonymous_0)
DA:14,1
DA:15,2
DA:324,1
LF:3
LH:3
BRF:0
BRH:0
end_of_record
TN:
SF:screens\UserProfile.js
FN:32,(anonymous_0)
FN:156,(anonymous_1)
FN:191,(anonymous_2)
FN:227,(anonymous_3)
FN:262,(anonymous_4)
FN:297,(anonymous_5)
FN:332,(anonymous_6)
FNF:7
FNH:7
FNDA:7,(anonymous_0)
FNDA:1,(anonymous_1)
FNDA:1,(anonymous_2)
FNDA:1,(anonymous_3)
FNDA:1,(anonymous_4)
FNDA:1,(anonymous_5)
FNDA:1,(anonymous_6)
DA:32,1
DA:33,7
DA:35,7
DA:36,7
DA:37,7
DA:38,7
DA:39,7
DA:111,7
DA:156,1
DA:191,1
DA:227,1
DA:262,1
DA:297,1
DA:332,1
DA:371,1
LF:15
LH:15
BRDA:121,0,0,7
BRDA:121,0,1,0
BRF:2
BRH:1
end_of_record
TN:
SF:screens\ViewBookingDetails.js
FN:27,(anonymous_0)
FN:413,(anonymous_1)
FN:425,(anonymous_2)
FN:646,(anonymous_3)
FN:667,(anonymous_4)
FNF:5
FNH:2
FNDA:3,(anonymous_0)
FNDA:1,(anonymous_1)
FNDA:0,(anonymous_2)
FNDA:0,(anonymous_3)
FNDA:0,(anonymous_4)
DA:27,1
DA:28,3
DA:30,3
DA:31,3
DA:32,3
DA:33,3
DA:34,3
DA:35,3
DA:36,3
DA:37,3
DA:38,3
DA:39,3
DA:40,3
DA:41,3
DA:42,3
DA:43,3
DA:44,3
DA:45,3
DA:46,3
DA:47,3
DA:48,3
DA:49,3
DA:382,3
DA:413,1
DA:650,0
DA:668,0
DA:669,0
DA:947,1
LF:28
LH:25
BRDA:810,0,0,0
BRDA:810,0,1,3
BRDA:812,1,0,0
BRDA:812,1,1,0
BRDA:812,2,0,0
BRDA:812,2,1,0
BRDA:812,2,2,0
BRDA:822,3,0,0
BRDA:822,3,1,0
BRDA:826,4,0,0
BRDA:826,4,1,0
BRDA:873,5,0,0
BRDA:873,5,1,0
BRDA:876,6,0,0
BRDA:876,6,1,0
BRDA:878,7,0,0
BRDA:878,7,1,0
BRDA:894,8,0,0
BRDA:894,8,1,3
BRDA:894,9,0,3
BRDA:894,9,1,3
BRDA:894,9,2,3
BRDA:904,10,0,0
BRDA:904,10,1,0
BRDA:907,11,0,0
BRDA:907,11,1,0
BRF:26
BRH:5
end_of_record
TN:
SF:screens\Wallet.js
FN:29,(anonymous_0)
FN:203,(anonymous_1)
FNF:2
FNH:1
FNDA:2,(anonymous_0)
FNDA:0,(anonymous_1)
DA:29,1
DA:30,2
DA:31,2
DA:32,2
DA:34,2
DA:35,2
DA:169,2
DA:204,0
DA:257,1
LF:9
LH:8
BRDA:184,0,0,0
BRDA:184,0,1,2
BRF:2
BRH:1
end_of_record
